C:\Users\Office\Desktop\HHLEE\SmartModule(SVN)\SourceCodes\project_2012\application\VisualGDB\Debug\app_common.o
C:\Users\Office\Desktop\HHLEE\SmartModule(SVN)\SourceCodes\project_2012\application\VisualGDB\Debug\config.o
C:\Users\Office\Desktop\HHLEE\SmartModule(SVN)\SourceCodes\project_2012\application\VisualGDB\Debug\debug.o
C:\Users\Office\Desktop\HHLEE\SmartModule(SVN)\SourceCodes\project_2012\application\VisualGDB\Debug\ext_flash.o
C:\Users\Office\Desktop\HHLEE\SmartModule(SVN)\SourceCodes\project_2012\application\VisualGDB\Debug\led.o
C:\Users\Office\Desktop\HHLEE\SmartModule(SVN)\SourceCodes\project_2012\application\VisualGDB\Debug\LibBits.o
C:\Users\Office\Desktop\HHLEE\SmartModule(SVN)\SourceCodes\project_2012\application\VisualGDB\Debug\LibEDC.o
C:\Users\Office\Desktop\HHLEE\SmartModule(SVN)\SourceCodes\project_2012\application\VisualGDB\Debug\LibString.o
C:\Users\Office\Desktop\HHLEE\SmartModule(SVN)\SourceCodes\project_2012\application\VisualGDB\Debug\lora.o
C:\Users\Office\Desktop\HHLEE\SmartModule(SVN)\SourceCodes\project_2012\application\VisualGDB\Debug\main.o
C:\Users\Office\Desktop\HHLEE\SmartModule(SVN)\SourceCodes\project_2012\application\VisualGDB\Debug\SerialPipe.o
C:\Users\Office\Desktop\HHLEE\SmartModule(SVN)\SourceCodes\project_2012\application\VisualGDB\Debug\SoftI2C.o
C:\Users\Office\Desktop\HHLEE\SmartModule(SVN)\SourceCodes\project_2012\application\VisualGDB\Debug\spi_dma_common.o
C:\Users\Office\Desktop\HHLEE\SmartModule(SVN)\SourceCodes\project_2012\application\VisualGDB\Debug\spi_dma_stm32f4.o
C:\Users\Office\Desktop\HHLEE\SmartModule(SVN)\SourceCodes\project_2012\application\VisualGDB\Debug\SPI_NOR.o
C:\Users\Office\Desktop\HHLEE\SmartModule(SVN)\SourceCodes\project_2012\application\VisualGDB\Debug\tm_stm32f4_otp.o
C:\Users\Office\Desktop\HHLEE\SmartModule(SVN)\SourceCodes\project_2012\application\VisualGDB\Debug\uru_tool.o
C:\Users\Office\Desktop\HHLEE\SmartModule(SVN)\SourceCodes\project_2012\application\VisualGDB\Debug\usb_serial.o
C:\Users\Office\Desktop\HHLEE\SmartModule(SVN)\SourceCodes\project_2012\application\VisualGDB\Debug\util.o
C:\Users\Office\Desktop\HHLEE\SmartModule(SVN)\SourceCodes\project_2012\application\VisualGDB\Debug\uwb.o
C:\Users\Office\Desktop\HHLEE\SmartModule(SVN)\SourceCodes\project_2012\application\VisualGDB\Debug\UWBSpi.o
C:\Users\Office\Desktop\HHLEE\SmartModule(SVN)\SourceCodes\project_2012\application\VisualGDB\Debug\app_common.dep
C:\Users\Office\Desktop\HHLEE\SmartModule(SVN)\SourceCodes\project_2012\application\VisualGDB\Debug\config.dep
C:\Users\Office\Desktop\HHLEE\SmartModule(SVN)\SourceCodes\project_2012\application\VisualGDB\Debug\debug.dep
C:\Users\Office\Desktop\HHLEE\SmartModule(SVN)\SourceCodes\project_2012\application\VisualGDB\Debug\ext_flash.dep
C:\Users\Office\Desktop\HHLEE\SmartModule(SVN)\SourceCodes\project_2012\application\VisualGDB\Debug\led.dep
C:\Users\Office\Desktop\HHLEE\SmartModule(SVN)\SourceCodes\project_2012\application\VisualGDB\Debug\LibBits.dep
C:\Users\Office\Desktop\HHLEE\SmartModule(SVN)\SourceCodes\project_2012\application\VisualGDB\Debug\LibEDC.dep
C:\Users\Office\Desktop\HHLEE\SmartModule(SVN)\SourceCodes\project_2012\application\VisualGDB\Debug\LibString.dep
C:\Users\Office\Desktop\HHLEE\SmartModule(SVN)\SourceCodes\project_2012\application\VisualGDB\Debug\lora.dep
C:\Users\Office\Desktop\HHLEE\SmartModule(SVN)\SourceCodes\project_2012\application\VisualGDB\Debug\main.dep
C:\Users\Office\Desktop\HHLEE\SmartModule(SVN)\SourceCodes\project_2012\application\VisualGDB\Debug\SerialPipe.dep
C:\Users\Office\Desktop\HHLEE\SmartModule(SVN)\SourceCodes\project_2012\application\VisualGDB\Debug\SoftI2C.dep
C:\Users\Office\Desktop\HHLEE\SmartModule(SVN)\SourceCodes\project_2012\application\VisualGDB\Debug\spi_dma_common.dep
C:\Users\Office\Desktop\HHLEE\SmartModule(SVN)\SourceCodes\project_2012\application\VisualGDB\Debug\spi_dma_stm32f4.dep
C:\Users\Office\Desktop\HHLEE\SmartModule(SVN)\SourceCodes\project_2012\application\VisualGDB\Debug\SPI_NOR.dep
C:\Users\Office\Desktop\HHLEE\SmartModule(SVN)\SourceCodes\project_2012\application\VisualGDB\Debug\tm_stm32f4_otp.dep
C:\Users\Office\Desktop\HHLEE\SmartModule(SVN)\SourceCodes\project_2012\application\VisualGDB\Debug\uru_tool.dep
C:\Users\Office\Desktop\HHLEE\SmartModule(SVN)\SourceCodes\project_2012\application\VisualGDB\Debug\usb_serial.dep
C:\Users\Office\Desktop\HHLEE\SmartModule(SVN)\SourceCodes\project_2012\application\VisualGDB\Debug\util.dep
C:\Users\Office\Desktop\HHLEE\SmartModule(SVN)\SourceCodes\project_2012\application\VisualGDB\Debug\uwb.dep
C:\Users\Office\Desktop\HHLEE\SmartModule(SVN)\SourceCodes\project_2012\application\VisualGDB\Debug\UWBSpi.dep
C:\Users\Office\Desktop\HHLEE\SmartModule(SVN)\SourceCodes\project_2012\application\VisualGDB\Debug\app_common.gcc.rsp
C:\Users\Office\Desktop\HHLEE\SmartModule(SVN)\SourceCodes\project_2012\application\VisualGDB\Debug\config.gcc.rsp
C:\Users\Office\Desktop\HHLEE\SmartModule(SVN)\SourceCodes\project_2012\application\VisualGDB\Debug\debug.gcc.rsp
C:\Users\Office\Desktop\HHLEE\SmartModule(SVN)\SourceCodes\project_2012\application\VisualGDB\Debug\ext_flash.gcc.rsp
C:\Users\Office\Desktop\HHLEE\SmartModule(SVN)\SourceCodes\project_2012\application\VisualGDB\Debug\led.gcc.rsp
C:\Users\Office\Desktop\HHLEE\SmartModule(SVN)\SourceCodes\project_2012\application\VisualGDB\Debug\LibBits.gcc.rsp
C:\Users\Office\Desktop\HHLEE\SmartModule(SVN)\SourceCodes\project_2012\application\VisualGDB\Debug\LibEDC.gcc.rsp
C:\Users\Office\Desktop\HHLEE\SmartModule(SVN)\SourceCodes\project_2012\application\VisualGDB\Debug\LibString.gcc.rsp
C:\Users\Office\Desktop\HHLEE\SmartModule(SVN)\SourceCodes\project_2012\application\VisualGDB\Debug\lora.gcc.rsp
C:\Users\Office\Desktop\HHLEE\SmartModule(SVN)\SourceCodes\project_2012\application\VisualGDB\Debug\main.gcc.rsp
C:\Users\Office\Desktop\HHLEE\SmartModule(SVN)\SourceCodes\project_2012\application\VisualGDB\Debug\SerialPipe.gcc.rsp
C:\Users\Office\Desktop\HHLEE\SmartModule(SVN)\SourceCodes\project_2012\application\VisualGDB\Debug\SoftI2C.gcc.rsp
C:\Users\Office\Desktop\HHLEE\SmartModule(SVN)\SourceCodes\project_2012\application\VisualGDB\Debug\spi_dma_common.gcc.rsp
C:\Users\Office\Desktop\HHLEE\SmartModule(SVN)\SourceCodes\project_2012\application\VisualGDB\Debug\spi_dma_stm32f4.gcc.rsp
C:\Users\Office\Desktop\HHLEE\SmartModule(SVN)\SourceCodes\project_2012\application\VisualGDB\Debug\SPI_NOR.gcc.rsp
C:\Users\Office\Desktop\HHLEE\SmartModule(SVN)\SourceCodes\project_2012\application\VisualGDB\Debug\tm_stm32f4_otp.gcc.rsp
C:\Users\Office\Desktop\HHLEE\SmartModule(SVN)\SourceCodes\project_2012\application\VisualGDB\Debug\uru_tool.gcc.rsp
C:\Users\Office\Desktop\HHLEE\SmartModule(SVN)\SourceCodes\project_2012\application\VisualGDB\Debug\usb_serial.gcc.rsp
C:\Users\Office\Desktop\HHLEE\SmartModule(SVN)\SourceCodes\project_2012\application\VisualGDB\Debug\util.gcc.rsp
C:\Users\Office\Desktop\HHLEE\SmartModule(SVN)\SourceCodes\project_2012\application\VisualGDB\Debug\uwb.gcc.rsp
C:\Users\Office\Desktop\HHLEE\SmartModule(SVN)\SourceCodes\project_2012\application\VisualGDB\Debug\UWBSpi.gcc.rsp
C:\Users\Office\Desktop\HHLEE\SmartModule(SVN)\SourceCodes\project_2012\application\VisualGDB\Debug\application.alldeps
