C:\Users\Office\Desktop\HHLEE\SmartModule(SVN)\SourceCodes\project_2012\mbedos\VisualGDB\Debug\AnalogIn.o
C:\Users\Office\Desktop\HHLEE\SmartModule(SVN)\SourceCodes\project_2012\mbedos\VisualGDB\Debug\analogin_api.o
C:\Users\Office\Desktop\HHLEE\SmartModule(SVN)\SourceCodes\project_2012\mbedos\VisualGDB\Debug\analogout_api.o
C:\Users\Office\Desktop\HHLEE\SmartModule(SVN)\SourceCodes\project_2012\mbedos\VisualGDB\Debug\analogout_device.o
C:\Users\Office\Desktop\HHLEE\SmartModule(SVN)\SourceCodes\project_2012\mbedos\VisualGDB\Debug\ATCmdParser.o
C:\Users\Office\Desktop\HHLEE\SmartModule(SVN)\SourceCodes\project_2012\mbedos\VisualGDB\Debug\BusIn.o
C:\Users\Office\Desktop\HHLEE\SmartModule(SVN)\SourceCodes\project_2012\mbedos\VisualGDB\Debug\BusInOut.o
C:\Users\Office\Desktop\HHLEE\SmartModule(SVN)\SourceCodes\project_2012\mbedos\VisualGDB\Debug\BusOut.o
C:\Users\Office\Desktop\HHLEE\SmartModule(SVN)\SourceCodes\project_2012\mbedos\VisualGDB\Debug\CallChain.o
C:\Users\Office\Desktop\HHLEE\SmartModule(SVN)\SourceCodes\project_2012\mbedos\VisualGDB\Debug\CAN.o
C:\Users\Office\Desktop\HHLEE\SmartModule(SVN)\SourceCodes\project_2012\mbedos\VisualGDB\Debug\can_api.o
C:\Users\Office\Desktop\HHLEE\SmartModule(SVN)\SourceCodes\project_2012\mbedos\VisualGDB\Debug\cmsis_os1.o
C:\Users\Office\Desktop\HHLEE\SmartModule(SVN)\SourceCodes\project_2012\mbedos\VisualGDB\Debug\Dir.o
C:\Users\Office\Desktop\HHLEE\SmartModule(SVN)\SourceCodes\project_2012\mbedos\VisualGDB\Debug\equeue.o
C:\Users\Office\Desktop\HHLEE\SmartModule(SVN)\SourceCodes\project_2012\mbedos\VisualGDB\Debug\equeue_mbed.o
C:\Users\Office\Desktop\HHLEE\SmartModule(SVN)\SourceCodes\project_2012\mbedos\VisualGDB\Debug\equeue_posix.o
C:\Users\Office\Desktop\HHLEE\SmartModule(SVN)\SourceCodes\project_2012\mbedos\VisualGDB\Debug\Ethernet.o
C:\Users\Office\Desktop\HHLEE\SmartModule(SVN)\SourceCodes\project_2012\mbedos\VisualGDB\Debug\EventFlags.o
C:\Users\Office\Desktop\HHLEE\SmartModule(SVN)\SourceCodes\project_2012\mbedos\VisualGDB\Debug\EventQueue.o
C:\Users\Office\Desktop\HHLEE\SmartModule(SVN)\SourceCodes\project_2012\mbedos\VisualGDB\Debug\File.o
C:\Users\Office\Desktop\HHLEE\SmartModule(SVN)\SourceCodes\project_2012\mbedos\VisualGDB\Debug\FileBase.o
C:\Users\Office\Desktop\HHLEE\SmartModule(SVN)\SourceCodes\project_2012\mbedos\VisualGDB\Debug\FileHandle.o
C:\Users\Office\Desktop\HHLEE\SmartModule(SVN)\SourceCodes\project_2012\mbedos\VisualGDB\Debug\FilePath.o
C:\Users\Office\Desktop\HHLEE\SmartModule(SVN)\SourceCodes\project_2012\mbedos\VisualGDB\Debug\FileSystem.o
C:\Users\Office\Desktop\HHLEE\SmartModule(SVN)\SourceCodes\project_2012\mbedos\VisualGDB\Debug\FileSystemHandle.o
C:\Users\Office\Desktop\HHLEE\SmartModule(SVN)\SourceCodes\project_2012\mbedos\VisualGDB\Debug\FlashIAP.o
C:\Users\Office\Desktop\HHLEE\SmartModule(SVN)\SourceCodes\project_2012\mbedos\VisualGDB\Debug\flash_api.o
C:\Users\Office\Desktop\HHLEE\SmartModule(SVN)\SourceCodes\project_2012\mbedos\VisualGDB\Debug\flash_cmsis_algo.o
C:\Users\Office\Desktop\HHLEE\SmartModule(SVN)\SourceCodes\project_2012\mbedos\VisualGDB\Debug\flash_common_algo.o
C:\Users\Office\Desktop\HHLEE\SmartModule(SVN)\SourceCodes\project_2012\mbedos\VisualGDB\Debug\gpio_api.o
C:\Users\Office\Desktop\HHLEE\SmartModule(SVN)\SourceCodes\project_2012\mbedos\VisualGDB\Debug\gpio_irq_api.o
C:\Users\Office\Desktop\HHLEE\SmartModule(SVN)\SourceCodes\project_2012\mbedos\VisualGDB\Debug\gpio_irq_device.o
C:\Users\Office\Desktop\HHLEE\SmartModule(SVN)\SourceCodes\project_2012\mbedos\VisualGDB\Debug\hal_init_pre.o
C:\Users\Office\Desktop\HHLEE\SmartModule(SVN)\SourceCodes\project_2012\mbedos\VisualGDB\Debug\hal_tick_16b.o
C:\Users\Office\Desktop\HHLEE\SmartModule(SVN)\SourceCodes\project_2012\mbedos\VisualGDB\Debug\hal_tick_32b.o
C:\Users\Office\Desktop\HHLEE\SmartModule(SVN)\SourceCodes\project_2012\mbedos\VisualGDB\Debug\I2C.o
C:\Users\Office\Desktop\HHLEE\SmartModule(SVN)\SourceCodes\project_2012\mbedos\VisualGDB\Debug\I2CSlave.o
C:\Users\Office\Desktop\HHLEE\SmartModule(SVN)\SourceCodes\project_2012\mbedos\VisualGDB\Debug\i2c_api.o
C:\Users\Office\Desktop\HHLEE\SmartModule(SVN)\SourceCodes\project_2012\mbedos\VisualGDB\Debug\InterruptIn.o
C:\Users\Office\Desktop\HHLEE\SmartModule(SVN)\SourceCodes\project_2012\mbedos\VisualGDB\Debug\InterruptManager.o
C:\Users\Office\Desktop\HHLEE\SmartModule(SVN)\SourceCodes\project_2012\mbedos\VisualGDB\Debug\irq_cm4f.o
C:\Users\Office\Desktop\HHLEE\SmartModule(SVN)\SourceCodes\project_2012\mbedos\VisualGDB\Debug\LocalFileSystem.o
C:\Users\Office\Desktop\HHLEE\SmartModule(SVN)\SourceCodes\project_2012\mbedos\VisualGDB\Debug\lp_ticker.o
C:\Users\Office\Desktop\HHLEE\SmartModule(SVN)\SourceCodes\project_2012\mbedos\VisualGDB\Debug\mbed_alloc_wrappers.o
C:\Users\Office\Desktop\HHLEE\SmartModule(SVN)\SourceCodes\project_2012\mbedos\VisualGDB\Debug\mbed_application.o
C:\Users\Office\Desktop\HHLEE\SmartModule(SVN)\SourceCodes\project_2012\mbedos\VisualGDB\Debug\mbed_assert.o
C:\Users\Office\Desktop\HHLEE\SmartModule(SVN)\SourceCodes\project_2012\mbedos\VisualGDB\Debug\mbed_board.o
C:\Users\Office\Desktop\HHLEE\SmartModule(SVN)\SourceCodes\project_2012\mbedos\VisualGDB\Debug\mbed_boot.o
C:\Users\Office\Desktop\HHLEE\SmartModule(SVN)\SourceCodes\project_2012\mbedos\VisualGDB\Debug\mbed_critical.o
C:\Users\Office\Desktop\HHLEE\SmartModule(SVN)\SourceCodes\project_2012\mbedos\VisualGDB\Debug\mbed_error.o
C:\Users\Office\Desktop\HHLEE\SmartModule(SVN)\SourceCodes\project_2012\mbedos\VisualGDB\Debug\mbed_flash_api.o
C:\Users\Office\Desktop\HHLEE\SmartModule(SVN)\SourceCodes\project_2012\mbedos\VisualGDB\Debug\mbed_gpio.o
C:\Users\Office\Desktop\HHLEE\SmartModule(SVN)\SourceCodes\project_2012\mbedos\VisualGDB\Debug\mbed_interface.o
C:\Users\Office\Desktop\HHLEE\SmartModule(SVN)\SourceCodes\project_2012\mbedos\VisualGDB\Debug\mbed_lp_ticker_api.o
C:\Users\Office\Desktop\HHLEE\SmartModule(SVN)\SourceCodes\project_2012\mbedos\VisualGDB\Debug\mbed_mem_trace.o
C:\Users\Office\Desktop\HHLEE\SmartModule(SVN)\SourceCodes\project_2012\mbedos\VisualGDB\Debug\mbed_mktime.o
C:\Users\Office\Desktop\HHLEE\SmartModule(SVN)\SourceCodes\project_2012\mbedos\VisualGDB\Debug\mbed_overrides.o
C:\Users\Office\Desktop\HHLEE\SmartModule(SVN)\SourceCodes\project_2012\mbedos\VisualGDB\Debug\mbed_pinmap_common.o
C:\Users\Office\Desktop\HHLEE\SmartModule(SVN)\SourceCodes\project_2012\mbedos\VisualGDB\Debug\mbed_poll.o
C:\Users\Office\Desktop\HHLEE\SmartModule(SVN)\SourceCodes\project_2012\mbedos\VisualGDB\Debug\mbed_retarget.o
C:\Users\Office\Desktop\HHLEE\SmartModule(SVN)\SourceCodes\project_2012\mbedos\VisualGDB\Debug\mbed_rtc_time.o
C:\Users\Office\Desktop\HHLEE\SmartModule(SVN)\SourceCodes\project_2012\mbedos\VisualGDB\Debug\mbed_rtx_handlers.o
C:\Users\Office\Desktop\HHLEE\SmartModule(SVN)\SourceCodes\project_2012\mbedos\VisualGDB\Debug\mbed_rtx_idle.o
C:\Users\Office\Desktop\HHLEE\SmartModule(SVN)\SourceCodes\project_2012\mbedos\VisualGDB\Debug\mbed_sdk_boot.o
C:\Users\Office\Desktop\HHLEE\SmartModule(SVN)\SourceCodes\project_2012\mbedos\VisualGDB\Debug\mbed_semihost_api.o
C:\Users\Office\Desktop\HHLEE\SmartModule(SVN)\SourceCodes\project_2012\mbedos\VisualGDB\Debug\mbed_shared_queues.o
C:\Users\Office\Desktop\HHLEE\SmartModule(SVN)\SourceCodes\project_2012\mbedos\VisualGDB\Debug\mbed_sleep_manager.o
C:\Users\Office\Desktop\HHLEE\SmartModule(SVN)\SourceCodes\project_2012\mbedos\VisualGDB\Debug\mbed_stats.o
C:\Users\Office\Desktop\HHLEE\SmartModule(SVN)\SourceCodes\project_2012\mbedos\VisualGDB\Debug\mbed_ticker_api.o
C:\Users\Office\Desktop\HHLEE\SmartModule(SVN)\SourceCodes\project_2012\mbedos\VisualGDB\Debug\mbed_us_ticker_api.o
C:\Users\Office\Desktop\HHLEE\SmartModule(SVN)\SourceCodes\project_2012\mbedos\VisualGDB\Debug\mbed_wait_api_no_rtos.o
C:\Users\Office\Desktop\HHLEE\SmartModule(SVN)\SourceCodes\project_2012\mbedos\VisualGDB\Debug\mbed_wait_api_rtos.o
C:\Users\Office\Desktop\HHLEE\SmartModule(SVN)\SourceCodes\project_2012\mbedos\VisualGDB\Debug\Mutex.o
C:\Users\Office\Desktop\HHLEE\SmartModule(SVN)\SourceCodes\project_2012\mbedos\VisualGDB\Debug\PeripheralPins.o
C:\Users\Office\Desktop\HHLEE\SmartModule(SVN)\SourceCodes\project_2012\mbedos\VisualGDB\Debug\pinmap.o
C:\Users\Office\Desktop\HHLEE\SmartModule(SVN)\SourceCodes\project_2012\mbedos\VisualGDB\Debug\port_api.o
C:\Users\Office\Desktop\HHLEE\SmartModule(SVN)\SourceCodes\project_2012\mbedos\VisualGDB\Debug\pwmout_api.o
C:\Users\Office\Desktop\HHLEE\SmartModule(SVN)\SourceCodes\project_2012\mbedos\VisualGDB\Debug\pwmout_device.o
C:\Users\Office\Desktop\HHLEE\SmartModule(SVN)\SourceCodes\project_2012\mbedos\VisualGDB\Debug\RawSerial.o
C:\Users\Office\Desktop\HHLEE\SmartModule(SVN)\SourceCodes\project_2012\mbedos\VisualGDB\Debug\rtc_api.o
C:\Users\Office\Desktop\HHLEE\SmartModule(SVN)\SourceCodes\project_2012\mbedos\VisualGDB\Debug\RtosTimer.o
C:\Users\Office\Desktop\HHLEE\SmartModule(SVN)\SourceCodes\project_2012\mbedos\VisualGDB\Debug\RTX_Config.o
C:\Users\Office\Desktop\HHLEE\SmartModule(SVN)\SourceCodes\project_2012\mbedos\VisualGDB\Debug\rtx_delay.o
C:\Users\Office\Desktop\HHLEE\SmartModule(SVN)\SourceCodes\project_2012\mbedos\VisualGDB\Debug\rtx_evflags.o
C:\Users\Office\Desktop\HHLEE\SmartModule(SVN)\SourceCodes\project_2012\mbedos\VisualGDB\Debug\rtx_evr.o
C:\Users\Office\Desktop\HHLEE\SmartModule(SVN)\SourceCodes\project_2012\mbedos\VisualGDB\Debug\rtx_kernel.o
C:\Users\Office\Desktop\HHLEE\SmartModule(SVN)\SourceCodes\project_2012\mbedos\VisualGDB\Debug\rtx_lib.o
C:\Users\Office\Desktop\HHLEE\SmartModule(SVN)\SourceCodes\project_2012\mbedos\VisualGDB\Debug\rtx_memory.o
C:\Users\Office\Desktop\HHLEE\SmartModule(SVN)\SourceCodes\project_2012\mbedos\VisualGDB\Debug\rtx_mempool.o
C:\Users\Office\Desktop\HHLEE\SmartModule(SVN)\SourceCodes\project_2012\mbedos\VisualGDB\Debug\rtx_msgqueue.o
C:\Users\Office\Desktop\HHLEE\SmartModule(SVN)\SourceCodes\project_2012\mbedos\VisualGDB\Debug\rtx_mutex.o
C:\Users\Office\Desktop\HHLEE\SmartModule(SVN)\SourceCodes\project_2012\mbedos\VisualGDB\Debug\rtx_semaphore.o
C:\Users\Office\Desktop\HHLEE\SmartModule(SVN)\SourceCodes\project_2012\mbedos\VisualGDB\Debug\rtx_system.o
C:\Users\Office\Desktop\HHLEE\SmartModule(SVN)\SourceCodes\project_2012\mbedos\VisualGDB\Debug\rtx_thread.o
C:\Users\Office\Desktop\HHLEE\SmartModule(SVN)\SourceCodes\project_2012\mbedos\VisualGDB\Debug\rtx_timer.o
C:\Users\Office\Desktop\HHLEE\SmartModule(SVN)\SourceCodes\project_2012\mbedos\VisualGDB\Debug\rt_OsEventObserver.o
C:\Users\Office\Desktop\HHLEE\SmartModule(SVN)\SourceCodes\project_2012\mbedos\VisualGDB\Debug\Semaphore.o
C:\Users\Office\Desktop\HHLEE\SmartModule(SVN)\SourceCodes\project_2012\mbedos\VisualGDB\Debug\Serial.o
C:\Users\Office\Desktop\HHLEE\SmartModule(SVN)\SourceCodes\project_2012\mbedos\VisualGDB\Debug\SerialBase.o
C:\Users\Office\Desktop\HHLEE\SmartModule(SVN)\SourceCodes\project_2012\mbedos\VisualGDB\Debug\serial_api.o
C:\Users\Office\Desktop\HHLEE\SmartModule(SVN)\SourceCodes\project_2012\mbedos\VisualGDB\Debug\serial_device.o
C:\Users\Office\Desktop\HHLEE\SmartModule(SVN)\SourceCodes\project_2012\mbedos\VisualGDB\Debug\sleep.o
C:\Users\Office\Desktop\HHLEE\SmartModule(SVN)\SourceCodes\project_2012\mbedos\VisualGDB\Debug\SPI.o
C:\Users\Office\Desktop\HHLEE\SmartModule(SVN)\SourceCodes\project_2012\mbedos\VisualGDB\Debug\SPISlave.o
C:\Users\Office\Desktop\HHLEE\SmartModule(SVN)\SourceCodes\project_2012\mbedos\VisualGDB\Debug\spi_api.o
C:\Users\Office\Desktop\HHLEE\SmartModule(SVN)\SourceCodes\project_2012\mbedos\VisualGDB\Debug\startup_stm32f407xx.o
C:\Users\Office\Desktop\HHLEE\SmartModule(SVN)\SourceCodes\project_2012\mbedos\VisualGDB\Debug\stm32f4xx_hal.o
C:\Users\Office\Desktop\HHLEE\SmartModule(SVN)\SourceCodes\project_2012\mbedos\VisualGDB\Debug\stm32f4xx_hal_adc.o
C:\Users\Office\Desktop\HHLEE\SmartModule(SVN)\SourceCodes\project_2012\mbedos\VisualGDB\Debug\stm32f4xx_hal_adc_ex.o
C:\Users\Office\Desktop\HHLEE\SmartModule(SVN)\SourceCodes\project_2012\mbedos\VisualGDB\Debug\stm32f4xx_hal_can.o
C:\Users\Office\Desktop\HHLEE\SmartModule(SVN)\SourceCodes\project_2012\mbedos\VisualGDB\Debug\stm32f4xx_hal_cec.o
C:\Users\Office\Desktop\HHLEE\SmartModule(SVN)\SourceCodes\project_2012\mbedos\VisualGDB\Debug\stm32f4xx_hal_cortex.o
C:\Users\Office\Desktop\HHLEE\SmartModule(SVN)\SourceCodes\project_2012\mbedos\VisualGDB\Debug\stm32f4xx_hal_crc.o
C:\Users\Office\Desktop\HHLEE\SmartModule(SVN)\SourceCodes\project_2012\mbedos\VisualGDB\Debug\stm32f4xx_hal_cryp.o
C:\Users\Office\Desktop\HHLEE\SmartModule(SVN)\SourceCodes\project_2012\mbedos\VisualGDB\Debug\stm32f4xx_hal_cryp_ex.o
C:\Users\Office\Desktop\HHLEE\SmartModule(SVN)\SourceCodes\project_2012\mbedos\VisualGDB\Debug\stm32f4xx_hal_dac.o
C:\Users\Office\Desktop\HHLEE\SmartModule(SVN)\SourceCodes\project_2012\mbedos\VisualGDB\Debug\stm32f4xx_hal_dac_ex.o
C:\Users\Office\Desktop\HHLEE\SmartModule(SVN)\SourceCodes\project_2012\mbedos\VisualGDB\Debug\stm32f4xx_hal_dcmi.o
C:\Users\Office\Desktop\HHLEE\SmartModule(SVN)\SourceCodes\project_2012\mbedos\VisualGDB\Debug\stm32f4xx_hal_dcmi_ex.o
C:\Users\Office\Desktop\HHLEE\SmartModule(SVN)\SourceCodes\project_2012\mbedos\VisualGDB\Debug\stm32f4xx_hal_dfsdm.o
C:\Users\Office\Desktop\HHLEE\SmartModule(SVN)\SourceCodes\project_2012\mbedos\VisualGDB\Debug\stm32f4xx_hal_dma.o
C:\Users\Office\Desktop\HHLEE\SmartModule(SVN)\SourceCodes\project_2012\mbedos\VisualGDB\Debug\stm32f4xx_hal_dma2d.o
C:\Users\Office\Desktop\HHLEE\SmartModule(SVN)\SourceCodes\project_2012\mbedos\VisualGDB\Debug\stm32f4xx_hal_dma_ex.o
C:\Users\Office\Desktop\HHLEE\SmartModule(SVN)\SourceCodes\project_2012\mbedos\VisualGDB\Debug\stm32f4xx_hal_dsi.o
C:\Users\Office\Desktop\HHLEE\SmartModule(SVN)\SourceCodes\project_2012\mbedos\VisualGDB\Debug\stm32f4xx_hal_eth.o
C:\Users\Office\Desktop\HHLEE\SmartModule(SVN)\SourceCodes\project_2012\mbedos\VisualGDB\Debug\stm32f4xx_hal_flash.o
C:\Users\Office\Desktop\HHLEE\SmartModule(SVN)\SourceCodes\project_2012\mbedos\VisualGDB\Debug\stm32f4xx_hal_flash_ex.o
C:\Users\Office\Desktop\HHLEE\SmartModule(SVN)\SourceCodes\project_2012\mbedos\VisualGDB\Debug\stm32f4xx_hal_flash_ramfunc.o
C:\Users\Office\Desktop\HHLEE\SmartModule(SVN)\SourceCodes\project_2012\mbedos\VisualGDB\Debug\stm32f4xx_hal_fmpi2c.o
C:\Users\Office\Desktop\HHLEE\SmartModule(SVN)\SourceCodes\project_2012\mbedos\VisualGDB\Debug\stm32f4xx_hal_fmpi2c_ex.o
C:\Users\Office\Desktop\HHLEE\SmartModule(SVN)\SourceCodes\project_2012\mbedos\VisualGDB\Debug\stm32f4xx_hal_gpio.o
C:\Users\Office\Desktop\HHLEE\SmartModule(SVN)\SourceCodes\project_2012\mbedos\VisualGDB\Debug\stm32f4xx_hal_hash.o
C:\Users\Office\Desktop\HHLEE\SmartModule(SVN)\SourceCodes\project_2012\mbedos\VisualGDB\Debug\stm32f4xx_hal_hash_ex.o
C:\Users\Office\Desktop\HHLEE\SmartModule(SVN)\SourceCodes\project_2012\mbedos\VisualGDB\Debug\stm32f4xx_hal_hcd.o
C:\Users\Office\Desktop\HHLEE\SmartModule(SVN)\SourceCodes\project_2012\mbedos\VisualGDB\Debug\stm32f4xx_hal_i2c.o
C:\Users\Office\Desktop\HHLEE\SmartModule(SVN)\SourceCodes\project_2012\mbedos\VisualGDB\Debug\stm32f4xx_hal_i2c_ex.o
C:\Users\Office\Desktop\HHLEE\SmartModule(SVN)\SourceCodes\project_2012\mbedos\VisualGDB\Debug\stm32f4xx_hal_i2s.o
C:\Users\Office\Desktop\HHLEE\SmartModule(SVN)\SourceCodes\project_2012\mbedos\VisualGDB\Debug\stm32f4xx_hal_i2s_ex.o
C:\Users\Office\Desktop\HHLEE\SmartModule(SVN)\SourceCodes\project_2012\mbedos\VisualGDB\Debug\stm32f4xx_hal_irda.o
C:\Users\Office\Desktop\HHLEE\SmartModule(SVN)\SourceCodes\project_2012\mbedos\VisualGDB\Debug\stm32f4xx_hal_iwdg.o
C:\Users\Office\Desktop\HHLEE\SmartModule(SVN)\SourceCodes\project_2012\mbedos\VisualGDB\Debug\stm32f4xx_hal_lptim.o
C:\Users\Office\Desktop\HHLEE\SmartModule(SVN)\SourceCodes\project_2012\mbedos\VisualGDB\Debug\stm32f4xx_hal_ltdc.o
C:\Users\Office\Desktop\HHLEE\SmartModule(SVN)\SourceCodes\project_2012\mbedos\VisualGDB\Debug\stm32f4xx_hal_ltdc_ex.o
C:\Users\Office\Desktop\HHLEE\SmartModule(SVN)\SourceCodes\project_2012\mbedos\VisualGDB\Debug\stm32f4xx_hal_mmc.o
C:\Users\Office\Desktop\HHLEE\SmartModule(SVN)\SourceCodes\project_2012\mbedos\VisualGDB\Debug\stm32f4xx_hal_msp_template.o
C:\Users\Office\Desktop\HHLEE\SmartModule(SVN)\SourceCodes\project_2012\mbedos\VisualGDB\Debug\stm32f4xx_hal_nand.o
C:\Users\Office\Desktop\HHLEE\SmartModule(SVN)\SourceCodes\project_2012\mbedos\VisualGDB\Debug\stm32f4xx_hal_nor.o
C:\Users\Office\Desktop\HHLEE\SmartModule(SVN)\SourceCodes\project_2012\mbedos\VisualGDB\Debug\stm32f4xx_hal_pccard.o
C:\Users\Office\Desktop\HHLEE\SmartModule(SVN)\SourceCodes\project_2012\mbedos\VisualGDB\Debug\stm32f4xx_hal_pcd.o
C:\Users\Office\Desktop\HHLEE\SmartModule(SVN)\SourceCodes\project_2012\mbedos\VisualGDB\Debug\stm32f4xx_hal_pcd_ex.o
C:\Users\Office\Desktop\HHLEE\SmartModule(SVN)\SourceCodes\project_2012\mbedos\VisualGDB\Debug\stm32f4xx_hal_pwr.o
C:\Users\Office\Desktop\HHLEE\SmartModule(SVN)\SourceCodes\project_2012\mbedos\VisualGDB\Debug\stm32f4xx_hal_pwr_ex.o
C:\Users\Office\Desktop\HHLEE\SmartModule(SVN)\SourceCodes\project_2012\mbedos\VisualGDB\Debug\stm32f4xx_hal_qspi.o
C:\Users\Office\Desktop\HHLEE\SmartModule(SVN)\SourceCodes\project_2012\mbedos\VisualGDB\Debug\stm32f4xx_hal_rcc.o
C:\Users\Office\Desktop\HHLEE\SmartModule(SVN)\SourceCodes\project_2012\mbedos\VisualGDB\Debug\stm32f4xx_hal_rcc_ex.o
C:\Users\Office\Desktop\HHLEE\SmartModule(SVN)\SourceCodes\project_2012\mbedos\VisualGDB\Debug\stm32f4xx_hal_rng.o
C:\Users\Office\Desktop\HHLEE\SmartModule(SVN)\SourceCodes\project_2012\mbedos\VisualGDB\Debug\stm32f4xx_hal_rtc.o
C:\Users\Office\Desktop\HHLEE\SmartModule(SVN)\SourceCodes\project_2012\mbedos\VisualGDB\Debug\stm32f4xx_hal_rtc_ex.o
C:\Users\Office\Desktop\HHLEE\SmartModule(SVN)\SourceCodes\project_2012\mbedos\VisualGDB\Debug\stm32f4xx_hal_sai.o
C:\Users\Office\Desktop\HHLEE\SmartModule(SVN)\SourceCodes\project_2012\mbedos\VisualGDB\Debug\stm32f4xx_hal_sai_ex.o
C:\Users\Office\Desktop\HHLEE\SmartModule(SVN)\SourceCodes\project_2012\mbedos\VisualGDB\Debug\stm32f4xx_hal_sd.o
C:\Users\Office\Desktop\HHLEE\SmartModule(SVN)\SourceCodes\project_2012\mbedos\VisualGDB\Debug\stm32f4xx_hal_sdram.o
C:\Users\Office\Desktop\HHLEE\SmartModule(SVN)\SourceCodes\project_2012\mbedos\VisualGDB\Debug\stm32f4xx_hal_smartcard.o
C:\Users\Office\Desktop\HHLEE\SmartModule(SVN)\SourceCodes\project_2012\mbedos\VisualGDB\Debug\stm32f4xx_hal_spdifrx.o
C:\Users\Office\Desktop\HHLEE\SmartModule(SVN)\SourceCodes\project_2012\mbedos\VisualGDB\Debug\stm32f4xx_hal_spi.o
C:\Users\Office\Desktop\HHLEE\SmartModule(SVN)\SourceCodes\project_2012\mbedos\VisualGDB\Debug\stm32f4xx_hal_sram.o
C:\Users\Office\Desktop\HHLEE\SmartModule(SVN)\SourceCodes\project_2012\mbedos\VisualGDB\Debug\stm32f4xx_hal_tim.o
C:\Users\Office\Desktop\HHLEE\SmartModule(SVN)\SourceCodes\project_2012\mbedos\VisualGDB\Debug\stm32f4xx_hal_tim_ex.o
C:\Users\Office\Desktop\HHLEE\SmartModule(SVN)\SourceCodes\project_2012\mbedos\VisualGDB\Debug\stm32f4xx_hal_uart.o
C:\Users\Office\Desktop\HHLEE\SmartModule(SVN)\SourceCodes\project_2012\mbedos\VisualGDB\Debug\stm32f4xx_hal_usart.o
C:\Users\Office\Desktop\HHLEE\SmartModule(SVN)\SourceCodes\project_2012\mbedos\VisualGDB\Debug\stm32f4xx_hal_wwdg.o
C:\Users\Office\Desktop\HHLEE\SmartModule(SVN)\SourceCodes\project_2012\mbedos\VisualGDB\Debug\stm32f4xx_ll_adc.o
C:\Users\Office\Desktop\HHLEE\SmartModule(SVN)\SourceCodes\project_2012\mbedos\VisualGDB\Debug\stm32f4xx_ll_crc.o
C:\Users\Office\Desktop\HHLEE\SmartModule(SVN)\SourceCodes\project_2012\mbedos\VisualGDB\Debug\stm32f4xx_ll_dac.o
C:\Users\Office\Desktop\HHLEE\SmartModule(SVN)\SourceCodes\project_2012\mbedos\VisualGDB\Debug\stm32f4xx_ll_dma.o
C:\Users\Office\Desktop\HHLEE\SmartModule(SVN)\SourceCodes\project_2012\mbedos\VisualGDB\Debug\stm32f4xx_ll_dma2d.o
C:\Users\Office\Desktop\HHLEE\SmartModule(SVN)\SourceCodes\project_2012\mbedos\VisualGDB\Debug\stm32f4xx_ll_exti.o
C:\Users\Office\Desktop\HHLEE\SmartModule(SVN)\SourceCodes\project_2012\mbedos\VisualGDB\Debug\stm32f4xx_ll_fmc.o
C:\Users\Office\Desktop\HHLEE\SmartModule(SVN)\SourceCodes\project_2012\mbedos\VisualGDB\Debug\stm32f4xx_ll_fsmc.o
C:\Users\Office\Desktop\HHLEE\SmartModule(SVN)\SourceCodes\project_2012\mbedos\VisualGDB\Debug\stm32f4xx_ll_gpio.o
C:\Users\Office\Desktop\HHLEE\SmartModule(SVN)\SourceCodes\project_2012\mbedos\VisualGDB\Debug\stm32f4xx_ll_i2c.o
C:\Users\Office\Desktop\HHLEE\SmartModule(SVN)\SourceCodes\project_2012\mbedos\VisualGDB\Debug\stm32f4xx_ll_lptim.o
C:\Users\Office\Desktop\HHLEE\SmartModule(SVN)\SourceCodes\project_2012\mbedos\VisualGDB\Debug\stm32f4xx_ll_pwr.o
C:\Users\Office\Desktop\HHLEE\SmartModule(SVN)\SourceCodes\project_2012\mbedos\VisualGDB\Debug\stm32f4xx_ll_rcc.o
C:\Users\Office\Desktop\HHLEE\SmartModule(SVN)\SourceCodes\project_2012\mbedos\VisualGDB\Debug\stm32f4xx_ll_rng.o
C:\Users\Office\Desktop\HHLEE\SmartModule(SVN)\SourceCodes\project_2012\mbedos\VisualGDB\Debug\stm32f4xx_ll_rtc.o
C:\Users\Office\Desktop\HHLEE\SmartModule(SVN)\SourceCodes\project_2012\mbedos\VisualGDB\Debug\stm32f4xx_ll_sdmmc.o
C:\Users\Office\Desktop\HHLEE\SmartModule(SVN)\SourceCodes\project_2012\mbedos\VisualGDB\Debug\stm32f4xx_ll_spi.o
C:\Users\Office\Desktop\HHLEE\SmartModule(SVN)\SourceCodes\project_2012\mbedos\VisualGDB\Debug\stm32f4xx_ll_tim.o
C:\Users\Office\Desktop\HHLEE\SmartModule(SVN)\SourceCodes\project_2012\mbedos\VisualGDB\Debug\stm32f4xx_ll_usart.o
C:\Users\Office\Desktop\HHLEE\SmartModule(SVN)\SourceCodes\project_2012\mbedos\VisualGDB\Debug\stm32f4xx_ll_usb.o
C:\Users\Office\Desktop\HHLEE\SmartModule(SVN)\SourceCodes\project_2012\mbedos\VisualGDB\Debug\stm32f4xx_ll_utils.o
C:\Users\Office\Desktop\HHLEE\SmartModule(SVN)\SourceCodes\project_2012\mbedos\VisualGDB\Debug\stm_spi_api.o
C:\Users\Office\Desktop\HHLEE\SmartModule(SVN)\SourceCodes\project_2012\mbedos\VisualGDB\Debug\Stream.o
C:\Users\Office\Desktop\HHLEE\SmartModule(SVN)\SourceCodes\project_2012\mbedos\VisualGDB\Debug\system_clock.o
C:\Users\Office\Desktop\HHLEE\SmartModule(SVN)\SourceCodes\project_2012\mbedos\VisualGDB\Debug\system_stm32f4xx.o
C:\Users\Office\Desktop\HHLEE\SmartModule(SVN)\SourceCodes\project_2012\mbedos\VisualGDB\Debug\Thread.o
C:\Users\Office\Desktop\HHLEE\SmartModule(SVN)\SourceCodes\project_2012\mbedos\VisualGDB\Debug\Ticker.o
C:\Users\Office\Desktop\HHLEE\SmartModule(SVN)\SourceCodes\project_2012\mbedos\VisualGDB\Debug\Timeout.o
C:\Users\Office\Desktop\HHLEE\SmartModule(SVN)\SourceCodes\project_2012\mbedos\VisualGDB\Debug\Timer.o
C:\Users\Office\Desktop\HHLEE\SmartModule(SVN)\SourceCodes\project_2012\mbedos\VisualGDB\Debug\TimerEvent.o
C:\Users\Office\Desktop\HHLEE\SmartModule(SVN)\SourceCodes\project_2012\mbedos\VisualGDB\Debug\trng_api.o
C:\Users\Office\Desktop\HHLEE\SmartModule(SVN)\SourceCodes\project_2012\mbedos\VisualGDB\Debug\UARTSerial.o
C:\Users\Office\Desktop\HHLEE\SmartModule(SVN)\SourceCodes\project_2012\mbedos\VisualGDB\Debug\USBCDC.o
C:\Users\Office\Desktop\HHLEE\SmartModule(SVN)\SourceCodes\project_2012\mbedos\VisualGDB\Debug\USBDevice.o
C:\Users\Office\Desktop\HHLEE\SmartModule(SVN)\SourceCodes\project_2012\mbedos\VisualGDB\Debug\USBHAL_STM32.o
C:\Users\Office\Desktop\HHLEE\SmartModule(SVN)\SourceCodes\project_2012\mbedos\VisualGDB\Debug\USBHAL_STM32F4.o
C:\Users\Office\Desktop\HHLEE\SmartModule(SVN)\SourceCodes\project_2012\mbedos\VisualGDB\Debug\USBSerial.o
C:\Users\Office\Desktop\HHLEE\SmartModule(SVN)\SourceCodes\project_2012\mbedos\VisualGDB\Debug\us_ticker_16b.o
C:\Users\Office\Desktop\HHLEE\SmartModule(SVN)\SourceCodes\project_2012\mbedos\VisualGDB\Debug\us_ticker_32b.o
C:\Users\Office\Desktop\HHLEE\SmartModule(SVN)\SourceCodes\project_2012\mbedos\VisualGDB\Debug\AnalogIn.dep
C:\Users\Office\Desktop\HHLEE\SmartModule(SVN)\SourceCodes\project_2012\mbedos\VisualGDB\Debug\analogin_api.dep
C:\Users\Office\Desktop\HHLEE\SmartModule(SVN)\SourceCodes\project_2012\mbedos\VisualGDB\Debug\analogout_api.dep
C:\Users\Office\Desktop\HHLEE\SmartModule(SVN)\SourceCodes\project_2012\mbedos\VisualGDB\Debug\analogout_device.dep
C:\Users\Office\Desktop\HHLEE\SmartModule(SVN)\SourceCodes\project_2012\mbedos\VisualGDB\Debug\ATCmdParser.dep
C:\Users\Office\Desktop\HHLEE\SmartModule(SVN)\SourceCodes\project_2012\mbedos\VisualGDB\Debug\BusIn.dep
C:\Users\Office\Desktop\HHLEE\SmartModule(SVN)\SourceCodes\project_2012\mbedos\VisualGDB\Debug\BusInOut.dep
C:\Users\Office\Desktop\HHLEE\SmartModule(SVN)\SourceCodes\project_2012\mbedos\VisualGDB\Debug\BusOut.dep
C:\Users\Office\Desktop\HHLEE\SmartModule(SVN)\SourceCodes\project_2012\mbedos\VisualGDB\Debug\CallChain.dep
C:\Users\Office\Desktop\HHLEE\SmartModule(SVN)\SourceCodes\project_2012\mbedos\VisualGDB\Debug\CAN.dep
C:\Users\Office\Desktop\HHLEE\SmartModule(SVN)\SourceCodes\project_2012\mbedos\VisualGDB\Debug\can_api.dep
C:\Users\Office\Desktop\HHLEE\SmartModule(SVN)\SourceCodes\project_2012\mbedos\VisualGDB\Debug\cmsis_os1.dep
C:\Users\Office\Desktop\HHLEE\SmartModule(SVN)\SourceCodes\project_2012\mbedos\VisualGDB\Debug\Dir.dep
C:\Users\Office\Desktop\HHLEE\SmartModule(SVN)\SourceCodes\project_2012\mbedos\VisualGDB\Debug\equeue.dep
C:\Users\Office\Desktop\HHLEE\SmartModule(SVN)\SourceCodes\project_2012\mbedos\VisualGDB\Debug\equeue_mbed.dep
C:\Users\Office\Desktop\HHLEE\SmartModule(SVN)\SourceCodes\project_2012\mbedos\VisualGDB\Debug\equeue_posix.dep
C:\Users\Office\Desktop\HHLEE\SmartModule(SVN)\SourceCodes\project_2012\mbedos\VisualGDB\Debug\Ethernet.dep
C:\Users\Office\Desktop\HHLEE\SmartModule(SVN)\SourceCodes\project_2012\mbedos\VisualGDB\Debug\EventFlags.dep
C:\Users\Office\Desktop\HHLEE\SmartModule(SVN)\SourceCodes\project_2012\mbedos\VisualGDB\Debug\EventQueue.dep
C:\Users\Office\Desktop\HHLEE\SmartModule(SVN)\SourceCodes\project_2012\mbedos\VisualGDB\Debug\File.dep
C:\Users\Office\Desktop\HHLEE\SmartModule(SVN)\SourceCodes\project_2012\mbedos\VisualGDB\Debug\FileBase.dep
C:\Users\Office\Desktop\HHLEE\SmartModule(SVN)\SourceCodes\project_2012\mbedos\VisualGDB\Debug\FileHandle.dep
C:\Users\Office\Desktop\HHLEE\SmartModule(SVN)\SourceCodes\project_2012\mbedos\VisualGDB\Debug\FilePath.dep
C:\Users\Office\Desktop\HHLEE\SmartModule(SVN)\SourceCodes\project_2012\mbedos\VisualGDB\Debug\FileSystem.dep
C:\Users\Office\Desktop\HHLEE\SmartModule(SVN)\SourceCodes\project_2012\mbedos\VisualGDB\Debug\FileSystemHandle.dep
C:\Users\Office\Desktop\HHLEE\SmartModule(SVN)\SourceCodes\project_2012\mbedos\VisualGDB\Debug\FlashIAP.dep
C:\Users\Office\Desktop\HHLEE\SmartModule(SVN)\SourceCodes\project_2012\mbedos\VisualGDB\Debug\flash_api.dep
C:\Users\Office\Desktop\HHLEE\SmartModule(SVN)\SourceCodes\project_2012\mbedos\VisualGDB\Debug\flash_cmsis_algo.dep
C:\Users\Office\Desktop\HHLEE\SmartModule(SVN)\SourceCodes\project_2012\mbedos\VisualGDB\Debug\flash_common_algo.dep
C:\Users\Office\Desktop\HHLEE\SmartModule(SVN)\SourceCodes\project_2012\mbedos\VisualGDB\Debug\gpio_api.dep
C:\Users\Office\Desktop\HHLEE\SmartModule(SVN)\SourceCodes\project_2012\mbedos\VisualGDB\Debug\gpio_irq_api.dep
C:\Users\Office\Desktop\HHLEE\SmartModule(SVN)\SourceCodes\project_2012\mbedos\VisualGDB\Debug\gpio_irq_device.dep
C:\Users\Office\Desktop\HHLEE\SmartModule(SVN)\SourceCodes\project_2012\mbedos\VisualGDB\Debug\hal_init_pre.dep
C:\Users\Office\Desktop\HHLEE\SmartModule(SVN)\SourceCodes\project_2012\mbedos\VisualGDB\Debug\hal_tick_16b.dep
C:\Users\Office\Desktop\HHLEE\SmartModule(SVN)\SourceCodes\project_2012\mbedos\VisualGDB\Debug\hal_tick_32b.dep
C:\Users\Office\Desktop\HHLEE\SmartModule(SVN)\SourceCodes\project_2012\mbedos\VisualGDB\Debug\I2C.dep
C:\Users\Office\Desktop\HHLEE\SmartModule(SVN)\SourceCodes\project_2012\mbedos\VisualGDB\Debug\I2CSlave.dep
C:\Users\Office\Desktop\HHLEE\SmartModule(SVN)\SourceCodes\project_2012\mbedos\VisualGDB\Debug\i2c_api.dep
C:\Users\Office\Desktop\HHLEE\SmartModule(SVN)\SourceCodes\project_2012\mbedos\VisualGDB\Debug\InterruptIn.dep
C:\Users\Office\Desktop\HHLEE\SmartModule(SVN)\SourceCodes\project_2012\mbedos\VisualGDB\Debug\InterruptManager.dep
C:\Users\Office\Desktop\HHLEE\SmartModule(SVN)\SourceCodes\project_2012\mbedos\VisualGDB\Debug\irq_cm4f.dep
C:\Users\Office\Desktop\HHLEE\SmartModule(SVN)\SourceCodes\project_2012\mbedos\VisualGDB\Debug\LocalFileSystem.dep
C:\Users\Office\Desktop\HHLEE\SmartModule(SVN)\SourceCodes\project_2012\mbedos\VisualGDB\Debug\lp_ticker.dep
C:\Users\Office\Desktop\HHLEE\SmartModule(SVN)\SourceCodes\project_2012\mbedos\VisualGDB\Debug\mbed_alloc_wrappers.dep
C:\Users\Office\Desktop\HHLEE\SmartModule(SVN)\SourceCodes\project_2012\mbedos\VisualGDB\Debug\mbed_application.dep
C:\Users\Office\Desktop\HHLEE\SmartModule(SVN)\SourceCodes\project_2012\mbedos\VisualGDB\Debug\mbed_assert.dep
C:\Users\Office\Desktop\HHLEE\SmartModule(SVN)\SourceCodes\project_2012\mbedos\VisualGDB\Debug\mbed_board.dep
C:\Users\Office\Desktop\HHLEE\SmartModule(SVN)\SourceCodes\project_2012\mbedos\VisualGDB\Debug\mbed_boot.dep
C:\Users\Office\Desktop\HHLEE\SmartModule(SVN)\SourceCodes\project_2012\mbedos\VisualGDB\Debug\mbed_critical.dep
C:\Users\Office\Desktop\HHLEE\SmartModule(SVN)\SourceCodes\project_2012\mbedos\VisualGDB\Debug\mbed_error.dep
C:\Users\Office\Desktop\HHLEE\SmartModule(SVN)\SourceCodes\project_2012\mbedos\VisualGDB\Debug\mbed_flash_api.dep
C:\Users\Office\Desktop\HHLEE\SmartModule(SVN)\SourceCodes\project_2012\mbedos\VisualGDB\Debug\mbed_gpio.dep
C:\Users\Office\Desktop\HHLEE\SmartModule(SVN)\SourceCodes\project_2012\mbedos\VisualGDB\Debug\mbed_interface.dep
C:\Users\Office\Desktop\HHLEE\SmartModule(SVN)\SourceCodes\project_2012\mbedos\VisualGDB\Debug\mbed_lp_ticker_api.dep
C:\Users\Office\Desktop\HHLEE\SmartModule(SVN)\SourceCodes\project_2012\mbedos\VisualGDB\Debug\mbed_mem_trace.dep
C:\Users\Office\Desktop\HHLEE\SmartModule(SVN)\SourceCodes\project_2012\mbedos\VisualGDB\Debug\mbed_mktime.dep
C:\Users\Office\Desktop\HHLEE\SmartModule(SVN)\SourceCodes\project_2012\mbedos\VisualGDB\Debug\mbed_overrides.dep
C:\Users\Office\Desktop\HHLEE\SmartModule(SVN)\SourceCodes\project_2012\mbedos\VisualGDB\Debug\mbed_pinmap_common.dep
C:\Users\Office\Desktop\HHLEE\SmartModule(SVN)\SourceCodes\project_2012\mbedos\VisualGDB\Debug\mbed_poll.dep
C:\Users\Office\Desktop\HHLEE\SmartModule(SVN)\SourceCodes\project_2012\mbedos\VisualGDB\Debug\mbed_retarget.dep
C:\Users\Office\Desktop\HHLEE\SmartModule(SVN)\SourceCodes\project_2012\mbedos\VisualGDB\Debug\mbed_rtc_time.dep
C:\Users\Office\Desktop\HHLEE\SmartModule(SVN)\SourceCodes\project_2012\mbedos\VisualGDB\Debug\mbed_rtx_handlers.dep
C:\Users\Office\Desktop\HHLEE\SmartModule(SVN)\SourceCodes\project_2012\mbedos\VisualGDB\Debug\mbed_rtx_idle.dep
C:\Users\Office\Desktop\HHLEE\SmartModule(SVN)\SourceCodes\project_2012\mbedos\VisualGDB\Debug\mbed_sdk_boot.dep
C:\Users\Office\Desktop\HHLEE\SmartModule(SVN)\SourceCodes\project_2012\mbedos\VisualGDB\Debug\mbed_semihost_api.dep
C:\Users\Office\Desktop\HHLEE\SmartModule(SVN)\SourceCodes\project_2012\mbedos\VisualGDB\Debug\mbed_shared_queues.dep
C:\Users\Office\Desktop\HHLEE\SmartModule(SVN)\SourceCodes\project_2012\mbedos\VisualGDB\Debug\mbed_sleep_manager.dep
C:\Users\Office\Desktop\HHLEE\SmartModule(SVN)\SourceCodes\project_2012\mbedos\VisualGDB\Debug\mbed_stats.dep
C:\Users\Office\Desktop\HHLEE\SmartModule(SVN)\SourceCodes\project_2012\mbedos\VisualGDB\Debug\mbed_ticker_api.dep
C:\Users\Office\Desktop\HHLEE\SmartModule(SVN)\SourceCodes\project_2012\mbedos\VisualGDB\Debug\mbed_us_ticker_api.dep
C:\Users\Office\Desktop\HHLEE\SmartModule(SVN)\SourceCodes\project_2012\mbedos\VisualGDB\Debug\mbed_wait_api_no_rtos.dep
C:\Users\Office\Desktop\HHLEE\SmartModule(SVN)\SourceCodes\project_2012\mbedos\VisualGDB\Debug\mbed_wait_api_rtos.dep
C:\Users\Office\Desktop\HHLEE\SmartModule(SVN)\SourceCodes\project_2012\mbedos\VisualGDB\Debug\Mutex.dep
C:\Users\Office\Desktop\HHLEE\SmartModule(SVN)\SourceCodes\project_2012\mbedos\VisualGDB\Debug\PeripheralPins.dep
C:\Users\Office\Desktop\HHLEE\SmartModule(SVN)\SourceCodes\project_2012\mbedos\VisualGDB\Debug\pinmap.dep
C:\Users\Office\Desktop\HHLEE\SmartModule(SVN)\SourceCodes\project_2012\mbedos\VisualGDB\Debug\port_api.dep
C:\Users\Office\Desktop\HHLEE\SmartModule(SVN)\SourceCodes\project_2012\mbedos\VisualGDB\Debug\pwmout_api.dep
C:\Users\Office\Desktop\HHLEE\SmartModule(SVN)\SourceCodes\project_2012\mbedos\VisualGDB\Debug\pwmout_device.dep
C:\Users\Office\Desktop\HHLEE\SmartModule(SVN)\SourceCodes\project_2012\mbedos\VisualGDB\Debug\RawSerial.dep
C:\Users\Office\Desktop\HHLEE\SmartModule(SVN)\SourceCodes\project_2012\mbedos\VisualGDB\Debug\rtc_api.dep
C:\Users\Office\Desktop\HHLEE\SmartModule(SVN)\SourceCodes\project_2012\mbedos\VisualGDB\Debug\RtosTimer.dep
C:\Users\Office\Desktop\HHLEE\SmartModule(SVN)\SourceCodes\project_2012\mbedos\VisualGDB\Debug\RTX_Config.dep
C:\Users\Office\Desktop\HHLEE\SmartModule(SVN)\SourceCodes\project_2012\mbedos\VisualGDB\Debug\rtx_delay.dep
C:\Users\Office\Desktop\HHLEE\SmartModule(SVN)\SourceCodes\project_2012\mbedos\VisualGDB\Debug\rtx_evflags.dep
C:\Users\Office\Desktop\HHLEE\SmartModule(SVN)\SourceCodes\project_2012\mbedos\VisualGDB\Debug\rtx_evr.dep
C:\Users\Office\Desktop\HHLEE\SmartModule(SVN)\SourceCodes\project_2012\mbedos\VisualGDB\Debug\rtx_kernel.dep
C:\Users\Office\Desktop\HHLEE\SmartModule(SVN)\SourceCodes\project_2012\mbedos\VisualGDB\Debug\rtx_lib.dep
C:\Users\Office\Desktop\HHLEE\SmartModule(SVN)\SourceCodes\project_2012\mbedos\VisualGDB\Debug\rtx_memory.dep
C:\Users\Office\Desktop\HHLEE\SmartModule(SVN)\SourceCodes\project_2012\mbedos\VisualGDB\Debug\rtx_mempool.dep
C:\Users\Office\Desktop\HHLEE\SmartModule(SVN)\SourceCodes\project_2012\mbedos\VisualGDB\Debug\rtx_msgqueue.dep
C:\Users\Office\Desktop\HHLEE\SmartModule(SVN)\SourceCodes\project_2012\mbedos\VisualGDB\Debug\rtx_mutex.dep
C:\Users\Office\Desktop\HHLEE\SmartModule(SVN)\SourceCodes\project_2012\mbedos\VisualGDB\Debug\rtx_semaphore.dep
C:\Users\Office\Desktop\HHLEE\SmartModule(SVN)\SourceCodes\project_2012\mbedos\VisualGDB\Debug\rtx_system.dep
C:\Users\Office\Desktop\HHLEE\SmartModule(SVN)\SourceCodes\project_2012\mbedos\VisualGDB\Debug\rtx_thread.dep
C:\Users\Office\Desktop\HHLEE\SmartModule(SVN)\SourceCodes\project_2012\mbedos\VisualGDB\Debug\rtx_timer.dep
C:\Users\Office\Desktop\HHLEE\SmartModule(SVN)\SourceCodes\project_2012\mbedos\VisualGDB\Debug\rt_OsEventObserver.dep
C:\Users\Office\Desktop\HHLEE\SmartModule(SVN)\SourceCodes\project_2012\mbedos\VisualGDB\Debug\Semaphore.dep
C:\Users\Office\Desktop\HHLEE\SmartModule(SVN)\SourceCodes\project_2012\mbedos\VisualGDB\Debug\Serial.dep
C:\Users\Office\Desktop\HHLEE\SmartModule(SVN)\SourceCodes\project_2012\mbedos\VisualGDB\Debug\SerialBase.dep
C:\Users\Office\Desktop\HHLEE\SmartModule(SVN)\SourceCodes\project_2012\mbedos\VisualGDB\Debug\serial_api.dep
C:\Users\Office\Desktop\HHLEE\SmartModule(SVN)\SourceCodes\project_2012\mbedos\VisualGDB\Debug\serial_device.dep
C:\Users\Office\Desktop\HHLEE\SmartModule(SVN)\SourceCodes\project_2012\mbedos\VisualGDB\Debug\sleep.dep
C:\Users\Office\Desktop\HHLEE\SmartModule(SVN)\SourceCodes\project_2012\mbedos\VisualGDB\Debug\SPI.dep
C:\Users\Office\Desktop\HHLEE\SmartModule(SVN)\SourceCodes\project_2012\mbedos\VisualGDB\Debug\SPISlave.dep
C:\Users\Office\Desktop\HHLEE\SmartModule(SVN)\SourceCodes\project_2012\mbedos\VisualGDB\Debug\spi_api.dep
C:\Users\Office\Desktop\HHLEE\SmartModule(SVN)\SourceCodes\project_2012\mbedos\VisualGDB\Debug\startup_stm32f407xx.dep
C:\Users\Office\Desktop\HHLEE\SmartModule(SVN)\SourceCodes\project_2012\mbedos\VisualGDB\Debug\stm32f4xx_hal.dep
C:\Users\Office\Desktop\HHLEE\SmartModule(SVN)\SourceCodes\project_2012\mbedos\VisualGDB\Debug\stm32f4xx_hal_adc.dep
C:\Users\Office\Desktop\HHLEE\SmartModule(SVN)\SourceCodes\project_2012\mbedos\VisualGDB\Debug\stm32f4xx_hal_adc_ex.dep
C:\Users\Office\Desktop\HHLEE\SmartModule(SVN)\SourceCodes\project_2012\mbedos\VisualGDB\Debug\stm32f4xx_hal_can.dep
C:\Users\Office\Desktop\HHLEE\SmartModule(SVN)\SourceCodes\project_2012\mbedos\VisualGDB\Debug\stm32f4xx_hal_cec.dep
C:\Users\Office\Desktop\HHLEE\SmartModule(SVN)\SourceCodes\project_2012\mbedos\VisualGDB\Debug\stm32f4xx_hal_cortex.dep
C:\Users\Office\Desktop\HHLEE\SmartModule(SVN)\SourceCodes\project_2012\mbedos\VisualGDB\Debug\stm32f4xx_hal_crc.dep
C:\Users\Office\Desktop\HHLEE\SmartModule(SVN)\SourceCodes\project_2012\mbedos\VisualGDB\Debug\stm32f4xx_hal_cryp.dep
C:\Users\Office\Desktop\HHLEE\SmartModule(SVN)\SourceCodes\project_2012\mbedos\VisualGDB\Debug\stm32f4xx_hal_cryp_ex.dep
C:\Users\Office\Desktop\HHLEE\SmartModule(SVN)\SourceCodes\project_2012\mbedos\VisualGDB\Debug\stm32f4xx_hal_dac.dep
C:\Users\Office\Desktop\HHLEE\SmartModule(SVN)\SourceCodes\project_2012\mbedos\VisualGDB\Debug\stm32f4xx_hal_dac_ex.dep
C:\Users\Office\Desktop\HHLEE\SmartModule(SVN)\SourceCodes\project_2012\mbedos\VisualGDB\Debug\stm32f4xx_hal_dcmi.dep
C:\Users\Office\Desktop\HHLEE\SmartModule(SVN)\SourceCodes\project_2012\mbedos\VisualGDB\Debug\stm32f4xx_hal_dcmi_ex.dep
C:\Users\Office\Desktop\HHLEE\SmartModule(SVN)\SourceCodes\project_2012\mbedos\VisualGDB\Debug\stm32f4xx_hal_dfsdm.dep
C:\Users\Office\Desktop\HHLEE\SmartModule(SVN)\SourceCodes\project_2012\mbedos\VisualGDB\Debug\stm32f4xx_hal_dma.dep
C:\Users\Office\Desktop\HHLEE\SmartModule(SVN)\SourceCodes\project_2012\mbedos\VisualGDB\Debug\stm32f4xx_hal_dma2d.dep
C:\Users\Office\Desktop\HHLEE\SmartModule(SVN)\SourceCodes\project_2012\mbedos\VisualGDB\Debug\stm32f4xx_hal_dma_ex.dep
C:\Users\Office\Desktop\HHLEE\SmartModule(SVN)\SourceCodes\project_2012\mbedos\VisualGDB\Debug\stm32f4xx_hal_dsi.dep
C:\Users\Office\Desktop\HHLEE\SmartModule(SVN)\SourceCodes\project_2012\mbedos\VisualGDB\Debug\stm32f4xx_hal_eth.dep
C:\Users\Office\Desktop\HHLEE\SmartModule(SVN)\SourceCodes\project_2012\mbedos\VisualGDB\Debug\stm32f4xx_hal_flash.dep
C:\Users\Office\Desktop\HHLEE\SmartModule(SVN)\SourceCodes\project_2012\mbedos\VisualGDB\Debug\stm32f4xx_hal_flash_ex.dep
C:\Users\Office\Desktop\HHLEE\SmartModule(SVN)\SourceCodes\project_2012\mbedos\VisualGDB\Debug\stm32f4xx_hal_flash_ramfunc.dep
C:\Users\Office\Desktop\HHLEE\SmartModule(SVN)\SourceCodes\project_2012\mbedos\VisualGDB\Debug\stm32f4xx_hal_fmpi2c.dep
C:\Users\Office\Desktop\HHLEE\SmartModule(SVN)\SourceCodes\project_2012\mbedos\VisualGDB\Debug\stm32f4xx_hal_fmpi2c_ex.dep
C:\Users\Office\Desktop\HHLEE\SmartModule(SVN)\SourceCodes\project_2012\mbedos\VisualGDB\Debug\stm32f4xx_hal_gpio.dep
C:\Users\Office\Desktop\HHLEE\SmartModule(SVN)\SourceCodes\project_2012\mbedos\VisualGDB\Debug\stm32f4xx_hal_hash.dep
C:\Users\Office\Desktop\HHLEE\SmartModule(SVN)\SourceCodes\project_2012\mbedos\VisualGDB\Debug\stm32f4xx_hal_hash_ex.dep
C:\Users\Office\Desktop\HHLEE\SmartModule(SVN)\SourceCodes\project_2012\mbedos\VisualGDB\Debug\stm32f4xx_hal_hcd.dep
C:\Users\Office\Desktop\HHLEE\SmartModule(SVN)\SourceCodes\project_2012\mbedos\VisualGDB\Debug\stm32f4xx_hal_i2c.dep
C:\Users\Office\Desktop\HHLEE\SmartModule(SVN)\SourceCodes\project_2012\mbedos\VisualGDB\Debug\stm32f4xx_hal_i2c_ex.dep
C:\Users\Office\Desktop\HHLEE\SmartModule(SVN)\SourceCodes\project_2012\mbedos\VisualGDB\Debug\stm32f4xx_hal_i2s.dep
C:\Users\Office\Desktop\HHLEE\SmartModule(SVN)\SourceCodes\project_2012\mbedos\VisualGDB\Debug\stm32f4xx_hal_i2s_ex.dep
C:\Users\Office\Desktop\HHLEE\SmartModule(SVN)\SourceCodes\project_2012\mbedos\VisualGDB\Debug\stm32f4xx_hal_irda.dep
C:\Users\Office\Desktop\HHLEE\SmartModule(SVN)\SourceCodes\project_2012\mbedos\VisualGDB\Debug\stm32f4xx_hal_iwdg.dep
C:\Users\Office\Desktop\HHLEE\SmartModule(SVN)\SourceCodes\project_2012\mbedos\VisualGDB\Debug\stm32f4xx_hal_lptim.dep
C:\Users\Office\Desktop\HHLEE\SmartModule(SVN)\SourceCodes\project_2012\mbedos\VisualGDB\Debug\stm32f4xx_hal_ltdc.dep
C:\Users\Office\Desktop\HHLEE\SmartModule(SVN)\SourceCodes\project_2012\mbedos\VisualGDB\Debug\stm32f4xx_hal_ltdc_ex.dep
C:\Users\Office\Desktop\HHLEE\SmartModule(SVN)\SourceCodes\project_2012\mbedos\VisualGDB\Debug\stm32f4xx_hal_mmc.dep
C:\Users\Office\Desktop\HHLEE\SmartModule(SVN)\SourceCodes\project_2012\mbedos\VisualGDB\Debug\stm32f4xx_hal_msp_template.dep
C:\Users\Office\Desktop\HHLEE\SmartModule(SVN)\SourceCodes\project_2012\mbedos\VisualGDB\Debug\stm32f4xx_hal_nand.dep
C:\Users\Office\Desktop\HHLEE\SmartModule(SVN)\SourceCodes\project_2012\mbedos\VisualGDB\Debug\stm32f4xx_hal_nor.dep
C:\Users\Office\Desktop\HHLEE\SmartModule(SVN)\SourceCodes\project_2012\mbedos\VisualGDB\Debug\stm32f4xx_hal_pccard.dep
C:\Users\Office\Desktop\HHLEE\SmartModule(SVN)\SourceCodes\project_2012\mbedos\VisualGDB\Debug\stm32f4xx_hal_pcd.dep
C:\Users\Office\Desktop\HHLEE\SmartModule(SVN)\SourceCodes\project_2012\mbedos\VisualGDB\Debug\stm32f4xx_hal_pcd_ex.dep
C:\Users\Office\Desktop\HHLEE\SmartModule(SVN)\SourceCodes\project_2012\mbedos\VisualGDB\Debug\stm32f4xx_hal_pwr.dep
C:\Users\Office\Desktop\HHLEE\SmartModule(SVN)\SourceCodes\project_2012\mbedos\VisualGDB\Debug\stm32f4xx_hal_pwr_ex.dep
C:\Users\Office\Desktop\HHLEE\SmartModule(SVN)\SourceCodes\project_2012\mbedos\VisualGDB\Debug\stm32f4xx_hal_qspi.dep
C:\Users\Office\Desktop\HHLEE\SmartModule(SVN)\SourceCodes\project_2012\mbedos\VisualGDB\Debug\stm32f4xx_hal_rcc.dep
C:\Users\Office\Desktop\HHLEE\SmartModule(SVN)\SourceCodes\project_2012\mbedos\VisualGDB\Debug\stm32f4xx_hal_rcc_ex.dep
C:\Users\Office\Desktop\HHLEE\SmartModule(SVN)\SourceCodes\project_2012\mbedos\VisualGDB\Debug\stm32f4xx_hal_rng.dep
C:\Users\Office\Desktop\HHLEE\SmartModule(SVN)\SourceCodes\project_2012\mbedos\VisualGDB\Debug\stm32f4xx_hal_rtc.dep
C:\Users\Office\Desktop\HHLEE\SmartModule(SVN)\SourceCodes\project_2012\mbedos\VisualGDB\Debug\stm32f4xx_hal_rtc_ex.dep
C:\Users\Office\Desktop\HHLEE\SmartModule(SVN)\SourceCodes\project_2012\mbedos\VisualGDB\Debug\stm32f4xx_hal_sai.dep
C:\Users\Office\Desktop\HHLEE\SmartModule(SVN)\SourceCodes\project_2012\mbedos\VisualGDB\Debug\stm32f4xx_hal_sai_ex.dep
C:\Users\Office\Desktop\HHLEE\SmartModule(SVN)\SourceCodes\project_2012\mbedos\VisualGDB\Debug\stm32f4xx_hal_sd.dep
C:\Users\Office\Desktop\HHLEE\SmartModule(SVN)\SourceCodes\project_2012\mbedos\VisualGDB\Debug\stm32f4xx_hal_sdram.dep
C:\Users\Office\Desktop\HHLEE\SmartModule(SVN)\SourceCodes\project_2012\mbedos\VisualGDB\Debug\stm32f4xx_hal_smartcard.dep
C:\Users\Office\Desktop\HHLEE\SmartModule(SVN)\SourceCodes\project_2012\mbedos\VisualGDB\Debug\stm32f4xx_hal_spdifrx.dep
C:\Users\Office\Desktop\HHLEE\SmartModule(SVN)\SourceCodes\project_2012\mbedos\VisualGDB\Debug\stm32f4xx_hal_spi.dep
C:\Users\Office\Desktop\HHLEE\SmartModule(SVN)\SourceCodes\project_2012\mbedos\VisualGDB\Debug\stm32f4xx_hal_sram.dep
C:\Users\Office\Desktop\HHLEE\SmartModule(SVN)\SourceCodes\project_2012\mbedos\VisualGDB\Debug\stm32f4xx_hal_tim.dep
C:\Users\Office\Desktop\HHLEE\SmartModule(SVN)\SourceCodes\project_2012\mbedos\VisualGDB\Debug\stm32f4xx_hal_tim_ex.dep
C:\Users\Office\Desktop\HHLEE\SmartModule(SVN)\SourceCodes\project_2012\mbedos\VisualGDB\Debug\stm32f4xx_hal_uart.dep
C:\Users\Office\Desktop\HHLEE\SmartModule(SVN)\SourceCodes\project_2012\mbedos\VisualGDB\Debug\stm32f4xx_hal_usart.dep
C:\Users\Office\Desktop\HHLEE\SmartModule(SVN)\SourceCodes\project_2012\mbedos\VisualGDB\Debug\stm32f4xx_hal_wwdg.dep
C:\Users\Office\Desktop\HHLEE\SmartModule(SVN)\SourceCodes\project_2012\mbedos\VisualGDB\Debug\stm32f4xx_ll_adc.dep
C:\Users\Office\Desktop\HHLEE\SmartModule(SVN)\SourceCodes\project_2012\mbedos\VisualGDB\Debug\stm32f4xx_ll_crc.dep
C:\Users\Office\Desktop\HHLEE\SmartModule(SVN)\SourceCodes\project_2012\mbedos\VisualGDB\Debug\stm32f4xx_ll_dac.dep
C:\Users\Office\Desktop\HHLEE\SmartModule(SVN)\SourceCodes\project_2012\mbedos\VisualGDB\Debug\stm32f4xx_ll_dma.dep
C:\Users\Office\Desktop\HHLEE\SmartModule(SVN)\SourceCodes\project_2012\mbedos\VisualGDB\Debug\stm32f4xx_ll_dma2d.dep
C:\Users\Office\Desktop\HHLEE\SmartModule(SVN)\SourceCodes\project_2012\mbedos\VisualGDB\Debug\stm32f4xx_ll_exti.dep
C:\Users\Office\Desktop\HHLEE\SmartModule(SVN)\SourceCodes\project_2012\mbedos\VisualGDB\Debug\stm32f4xx_ll_fmc.dep
C:\Users\Office\Desktop\HHLEE\SmartModule(SVN)\SourceCodes\project_2012\mbedos\VisualGDB\Debug\stm32f4xx_ll_fsmc.dep
C:\Users\Office\Desktop\HHLEE\SmartModule(SVN)\SourceCodes\project_2012\mbedos\VisualGDB\Debug\stm32f4xx_ll_gpio.dep
C:\Users\Office\Desktop\HHLEE\SmartModule(SVN)\SourceCodes\project_2012\mbedos\VisualGDB\Debug\stm32f4xx_ll_i2c.dep
C:\Users\Office\Desktop\HHLEE\SmartModule(SVN)\SourceCodes\project_2012\mbedos\VisualGDB\Debug\stm32f4xx_ll_lptim.dep
C:\Users\Office\Desktop\HHLEE\SmartModule(SVN)\SourceCodes\project_2012\mbedos\VisualGDB\Debug\stm32f4xx_ll_pwr.dep
C:\Users\Office\Desktop\HHLEE\SmartModule(SVN)\SourceCodes\project_2012\mbedos\VisualGDB\Debug\stm32f4xx_ll_rcc.dep
C:\Users\Office\Desktop\HHLEE\SmartModule(SVN)\SourceCodes\project_2012\mbedos\VisualGDB\Debug\stm32f4xx_ll_rng.dep
C:\Users\Office\Desktop\HHLEE\SmartModule(SVN)\SourceCodes\project_2012\mbedos\VisualGDB\Debug\stm32f4xx_ll_rtc.dep
C:\Users\Office\Desktop\HHLEE\SmartModule(SVN)\SourceCodes\project_2012\mbedos\VisualGDB\Debug\stm32f4xx_ll_sdmmc.dep
C:\Users\Office\Desktop\HHLEE\SmartModule(SVN)\SourceCodes\project_2012\mbedos\VisualGDB\Debug\stm32f4xx_ll_spi.dep
C:\Users\Office\Desktop\HHLEE\SmartModule(SVN)\SourceCodes\project_2012\mbedos\VisualGDB\Debug\stm32f4xx_ll_tim.dep
C:\Users\Office\Desktop\HHLEE\SmartModule(SVN)\SourceCodes\project_2012\mbedos\VisualGDB\Debug\stm32f4xx_ll_usart.dep
C:\Users\Office\Desktop\HHLEE\SmartModule(SVN)\SourceCodes\project_2012\mbedos\VisualGDB\Debug\stm32f4xx_ll_usb.dep
C:\Users\Office\Desktop\HHLEE\SmartModule(SVN)\SourceCodes\project_2012\mbedos\VisualGDB\Debug\stm32f4xx_ll_utils.dep
C:\Users\Office\Desktop\HHLEE\SmartModule(SVN)\SourceCodes\project_2012\mbedos\VisualGDB\Debug\stm_spi_api.dep
C:\Users\Office\Desktop\HHLEE\SmartModule(SVN)\SourceCodes\project_2012\mbedos\VisualGDB\Debug\Stream.dep
C:\Users\Office\Desktop\HHLEE\SmartModule(SVN)\SourceCodes\project_2012\mbedos\VisualGDB\Debug\system_clock.dep
C:\Users\Office\Desktop\HHLEE\SmartModule(SVN)\SourceCodes\project_2012\mbedos\VisualGDB\Debug\system_stm32f4xx.dep
C:\Users\Office\Desktop\HHLEE\SmartModule(SVN)\SourceCodes\project_2012\mbedos\VisualGDB\Debug\Thread.dep
C:\Users\Office\Desktop\HHLEE\SmartModule(SVN)\SourceCodes\project_2012\mbedos\VisualGDB\Debug\Ticker.dep
C:\Users\Office\Desktop\HHLEE\SmartModule(SVN)\SourceCodes\project_2012\mbedos\VisualGDB\Debug\Timeout.dep
C:\Users\Office\Desktop\HHLEE\SmartModule(SVN)\SourceCodes\project_2012\mbedos\VisualGDB\Debug\Timer.dep
C:\Users\Office\Desktop\HHLEE\SmartModule(SVN)\SourceCodes\project_2012\mbedos\VisualGDB\Debug\TimerEvent.dep
C:\Users\Office\Desktop\HHLEE\SmartModule(SVN)\SourceCodes\project_2012\mbedos\VisualGDB\Debug\trng_api.dep
C:\Users\Office\Desktop\HHLEE\SmartModule(SVN)\SourceCodes\project_2012\mbedos\VisualGDB\Debug\UARTSerial.dep
C:\Users\Office\Desktop\HHLEE\SmartModule(SVN)\SourceCodes\project_2012\mbedos\VisualGDB\Debug\USBCDC.dep
C:\Users\Office\Desktop\HHLEE\SmartModule(SVN)\SourceCodes\project_2012\mbedos\VisualGDB\Debug\USBDevice.dep
C:\Users\Office\Desktop\HHLEE\SmartModule(SVN)\SourceCodes\project_2012\mbedos\VisualGDB\Debug\USBHAL_STM32.dep
C:\Users\Office\Desktop\HHLEE\SmartModule(SVN)\SourceCodes\project_2012\mbedos\VisualGDB\Debug\USBHAL_STM32F4.dep
C:\Users\Office\Desktop\HHLEE\SmartModule(SVN)\SourceCodes\project_2012\mbedos\VisualGDB\Debug\USBSerial.dep
C:\Users\Office\Desktop\HHLEE\SmartModule(SVN)\SourceCodes\project_2012\mbedos\VisualGDB\Debug\us_ticker_16b.dep
C:\Users\Office\Desktop\HHLEE\SmartModule(SVN)\SourceCodes\project_2012\mbedos\VisualGDB\Debug\us_ticker_32b.dep
C:\Users\Office\Desktop\HHLEE\SmartModule(SVN)\SourceCodes\project_2012\mbedos\VisualGDB\Debug\AnalogIn.gcc.rsp
C:\Users\Office\Desktop\HHLEE\SmartModule(SVN)\SourceCodes\project_2012\mbedos\VisualGDB\Debug\analogin_api.gcc.rsp
C:\Users\Office\Desktop\HHLEE\SmartModule(SVN)\SourceCodes\project_2012\mbedos\VisualGDB\Debug\analogout_api.gcc.rsp
C:\Users\Office\Desktop\HHLEE\SmartModule(SVN)\SourceCodes\project_2012\mbedos\VisualGDB\Debug\analogout_device.gcc.rsp
C:\Users\Office\Desktop\HHLEE\SmartModule(SVN)\SourceCodes\project_2012\mbedos\VisualGDB\Debug\ATCmdParser.gcc.rsp
C:\Users\Office\Desktop\HHLEE\SmartModule(SVN)\SourceCodes\project_2012\mbedos\VisualGDB\Debug\BusIn.gcc.rsp
C:\Users\Office\Desktop\HHLEE\SmartModule(SVN)\SourceCodes\project_2012\mbedos\VisualGDB\Debug\BusInOut.gcc.rsp
C:\Users\Office\Desktop\HHLEE\SmartModule(SVN)\SourceCodes\project_2012\mbedos\VisualGDB\Debug\BusOut.gcc.rsp
C:\Users\Office\Desktop\HHLEE\SmartModule(SVN)\SourceCodes\project_2012\mbedos\VisualGDB\Debug\CallChain.gcc.rsp
C:\Users\Office\Desktop\HHLEE\SmartModule(SVN)\SourceCodes\project_2012\mbedos\VisualGDB\Debug\CAN.gcc.rsp
C:\Users\Office\Desktop\HHLEE\SmartModule(SVN)\SourceCodes\project_2012\mbedos\VisualGDB\Debug\can_api.gcc.rsp
C:\Users\Office\Desktop\HHLEE\SmartModule(SVN)\SourceCodes\project_2012\mbedos\VisualGDB\Debug\cmsis_os1.gcc.rsp
C:\Users\Office\Desktop\HHLEE\SmartModule(SVN)\SourceCodes\project_2012\mbedos\VisualGDB\Debug\Dir.gcc.rsp
C:\Users\Office\Desktop\HHLEE\SmartModule(SVN)\SourceCodes\project_2012\mbedos\VisualGDB\Debug\equeue.gcc.rsp
C:\Users\Office\Desktop\HHLEE\SmartModule(SVN)\SourceCodes\project_2012\mbedos\VisualGDB\Debug\equeue_mbed.gcc.rsp
C:\Users\Office\Desktop\HHLEE\SmartModule(SVN)\SourceCodes\project_2012\mbedos\VisualGDB\Debug\equeue_posix.gcc.rsp
C:\Users\Office\Desktop\HHLEE\SmartModule(SVN)\SourceCodes\project_2012\mbedos\VisualGDB\Debug\Ethernet.gcc.rsp
C:\Users\Office\Desktop\HHLEE\SmartModule(SVN)\SourceCodes\project_2012\mbedos\VisualGDB\Debug\EventFlags.gcc.rsp
C:\Users\Office\Desktop\HHLEE\SmartModule(SVN)\SourceCodes\project_2012\mbedos\VisualGDB\Debug\EventQueue.gcc.rsp
C:\Users\Office\Desktop\HHLEE\SmartModule(SVN)\SourceCodes\project_2012\mbedos\VisualGDB\Debug\File.gcc.rsp
C:\Users\Office\Desktop\HHLEE\SmartModule(SVN)\SourceCodes\project_2012\mbedos\VisualGDB\Debug\FileBase.gcc.rsp
C:\Users\Office\Desktop\HHLEE\SmartModule(SVN)\SourceCodes\project_2012\mbedos\VisualGDB\Debug\FileHandle.gcc.rsp
C:\Users\Office\Desktop\HHLEE\SmartModule(SVN)\SourceCodes\project_2012\mbedos\VisualGDB\Debug\FilePath.gcc.rsp
C:\Users\Office\Desktop\HHLEE\SmartModule(SVN)\SourceCodes\project_2012\mbedos\VisualGDB\Debug\FileSystem.gcc.rsp
C:\Users\Office\Desktop\HHLEE\SmartModule(SVN)\SourceCodes\project_2012\mbedos\VisualGDB\Debug\FileSystemHandle.gcc.rsp
C:\Users\Office\Desktop\HHLEE\SmartModule(SVN)\SourceCodes\project_2012\mbedos\VisualGDB\Debug\FlashIAP.gcc.rsp
C:\Users\Office\Desktop\HHLEE\SmartModule(SVN)\SourceCodes\project_2012\mbedos\VisualGDB\Debug\flash_api.gcc.rsp
C:\Users\Office\Desktop\HHLEE\SmartModule(SVN)\SourceCodes\project_2012\mbedos\VisualGDB\Debug\flash_cmsis_algo.gcc.rsp
C:\Users\Office\Desktop\HHLEE\SmartModule(SVN)\SourceCodes\project_2012\mbedos\VisualGDB\Debug\flash_common_algo.gcc.rsp
C:\Users\Office\Desktop\HHLEE\SmartModule(SVN)\SourceCodes\project_2012\mbedos\VisualGDB\Debug\gpio_api.gcc.rsp
C:\Users\Office\Desktop\HHLEE\SmartModule(SVN)\SourceCodes\project_2012\mbedos\VisualGDB\Debug\gpio_irq_api.gcc.rsp
C:\Users\Office\Desktop\HHLEE\SmartModule(SVN)\SourceCodes\project_2012\mbedos\VisualGDB\Debug\gpio_irq_device.gcc.rsp
C:\Users\Office\Desktop\HHLEE\SmartModule(SVN)\SourceCodes\project_2012\mbedos\VisualGDB\Debug\hal_init_pre.gcc.rsp
C:\Users\Office\Desktop\HHLEE\SmartModule(SVN)\SourceCodes\project_2012\mbedos\VisualGDB\Debug\hal_tick_16b.gcc.rsp
C:\Users\Office\Desktop\HHLEE\SmartModule(SVN)\SourceCodes\project_2012\mbedos\VisualGDB\Debug\hal_tick_32b.gcc.rsp
C:\Users\Office\Desktop\HHLEE\SmartModule(SVN)\SourceCodes\project_2012\mbedos\VisualGDB\Debug\I2C.gcc.rsp
C:\Users\Office\Desktop\HHLEE\SmartModule(SVN)\SourceCodes\project_2012\mbedos\VisualGDB\Debug\I2CSlave.gcc.rsp
C:\Users\Office\Desktop\HHLEE\SmartModule(SVN)\SourceCodes\project_2012\mbedos\VisualGDB\Debug\i2c_api.gcc.rsp
C:\Users\Office\Desktop\HHLEE\SmartModule(SVN)\SourceCodes\project_2012\mbedos\VisualGDB\Debug\InterruptIn.gcc.rsp
C:\Users\Office\Desktop\HHLEE\SmartModule(SVN)\SourceCodes\project_2012\mbedos\VisualGDB\Debug\InterruptManager.gcc.rsp
C:\Users\Office\Desktop\HHLEE\SmartModule(SVN)\SourceCodes\project_2012\mbedos\VisualGDB\Debug\irq_cm4f.gcc.rsp
C:\Users\Office\Desktop\HHLEE\SmartModule(SVN)\SourceCodes\project_2012\mbedos\VisualGDB\Debug\LocalFileSystem.gcc.rsp
C:\Users\Office\Desktop\HHLEE\SmartModule(SVN)\SourceCodes\project_2012\mbedos\VisualGDB\Debug\lp_ticker.gcc.rsp
C:\Users\Office\Desktop\HHLEE\SmartModule(SVN)\SourceCodes\project_2012\mbedos\VisualGDB\Debug\mbed_alloc_wrappers.gcc.rsp
C:\Users\Office\Desktop\HHLEE\SmartModule(SVN)\SourceCodes\project_2012\mbedos\VisualGDB\Debug\mbed_application.gcc.rsp
C:\Users\Office\Desktop\HHLEE\SmartModule(SVN)\SourceCodes\project_2012\mbedos\VisualGDB\Debug\mbed_assert.gcc.rsp
C:\Users\Office\Desktop\HHLEE\SmartModule(SVN)\SourceCodes\project_2012\mbedos\VisualGDB\Debug\mbed_board.gcc.rsp
C:\Users\Office\Desktop\HHLEE\SmartModule(SVN)\SourceCodes\project_2012\mbedos\VisualGDB\Debug\mbed_boot.gcc.rsp
C:\Users\Office\Desktop\HHLEE\SmartModule(SVN)\SourceCodes\project_2012\mbedos\VisualGDB\Debug\mbed_critical.gcc.rsp
C:\Users\Office\Desktop\HHLEE\SmartModule(SVN)\SourceCodes\project_2012\mbedos\VisualGDB\Debug\mbed_error.gcc.rsp
C:\Users\Office\Desktop\HHLEE\SmartModule(SVN)\SourceCodes\project_2012\mbedos\VisualGDB\Debug\mbed_flash_api.gcc.rsp
C:\Users\Office\Desktop\HHLEE\SmartModule(SVN)\SourceCodes\project_2012\mbedos\VisualGDB\Debug\mbed_gpio.gcc.rsp
C:\Users\Office\Desktop\HHLEE\SmartModule(SVN)\SourceCodes\project_2012\mbedos\VisualGDB\Debug\mbed_interface.gcc.rsp
C:\Users\Office\Desktop\HHLEE\SmartModule(SVN)\SourceCodes\project_2012\mbedos\VisualGDB\Debug\mbed_lp_ticker_api.gcc.rsp
C:\Users\Office\Desktop\HHLEE\SmartModule(SVN)\SourceCodes\project_2012\mbedos\VisualGDB\Debug\mbed_mem_trace.gcc.rsp
C:\Users\Office\Desktop\HHLEE\SmartModule(SVN)\SourceCodes\project_2012\mbedos\VisualGDB\Debug\mbed_mktime.gcc.rsp
C:\Users\Office\Desktop\HHLEE\SmartModule(SVN)\SourceCodes\project_2012\mbedos\VisualGDB\Debug\mbed_overrides.gcc.rsp
C:\Users\Office\Desktop\HHLEE\SmartModule(SVN)\SourceCodes\project_2012\mbedos\VisualGDB\Debug\mbed_pinmap_common.gcc.rsp
C:\Users\Office\Desktop\HHLEE\SmartModule(SVN)\SourceCodes\project_2012\mbedos\VisualGDB\Debug\mbed_poll.gcc.rsp
C:\Users\Office\Desktop\HHLEE\SmartModule(SVN)\SourceCodes\project_2012\mbedos\VisualGDB\Debug\mbed_retarget.gcc.rsp
C:\Users\Office\Desktop\HHLEE\SmartModule(SVN)\SourceCodes\project_2012\mbedos\VisualGDB\Debug\mbed_rtc_time.gcc.rsp
C:\Users\Office\Desktop\HHLEE\SmartModule(SVN)\SourceCodes\project_2012\mbedos\VisualGDB\Debug\mbed_rtx_handlers.gcc.rsp
C:\Users\Office\Desktop\HHLEE\SmartModule(SVN)\SourceCodes\project_2012\mbedos\VisualGDB\Debug\mbed_rtx_idle.gcc.rsp
C:\Users\Office\Desktop\HHLEE\SmartModule(SVN)\SourceCodes\project_2012\mbedos\VisualGDB\Debug\mbed_sdk_boot.gcc.rsp
C:\Users\Office\Desktop\HHLEE\SmartModule(SVN)\SourceCodes\project_2012\mbedos\VisualGDB\Debug\mbed_semihost_api.gcc.rsp
C:\Users\Office\Desktop\HHLEE\SmartModule(SVN)\SourceCodes\project_2012\mbedos\VisualGDB\Debug\mbed_shared_queues.gcc.rsp
C:\Users\Office\Desktop\HHLEE\SmartModule(SVN)\SourceCodes\project_2012\mbedos\VisualGDB\Debug\mbed_sleep_manager.gcc.rsp
C:\Users\Office\Desktop\HHLEE\SmartModule(SVN)\SourceCodes\project_2012\mbedos\VisualGDB\Debug\mbed_stats.gcc.rsp
C:\Users\Office\Desktop\HHLEE\SmartModule(SVN)\SourceCodes\project_2012\mbedos\VisualGDB\Debug\mbed_ticker_api.gcc.rsp
C:\Users\Office\Desktop\HHLEE\SmartModule(SVN)\SourceCodes\project_2012\mbedos\VisualGDB\Debug\mbed_us_ticker_api.gcc.rsp
C:\Users\Office\Desktop\HHLEE\SmartModule(SVN)\SourceCodes\project_2012\mbedos\VisualGDB\Debug\mbed_wait_api_no_rtos.gcc.rsp
C:\Users\Office\Desktop\HHLEE\SmartModule(SVN)\SourceCodes\project_2012\mbedos\VisualGDB\Debug\mbed_wait_api_rtos.gcc.rsp
C:\Users\Office\Desktop\HHLEE\SmartModule(SVN)\SourceCodes\project_2012\mbedos\VisualGDB\Debug\Mutex.gcc.rsp
C:\Users\Office\Desktop\HHLEE\SmartModule(SVN)\SourceCodes\project_2012\mbedos\VisualGDB\Debug\PeripheralPins.gcc.rsp
C:\Users\Office\Desktop\HHLEE\SmartModule(SVN)\SourceCodes\project_2012\mbedos\VisualGDB\Debug\pinmap.gcc.rsp
C:\Users\Office\Desktop\HHLEE\SmartModule(SVN)\SourceCodes\project_2012\mbedos\VisualGDB\Debug\port_api.gcc.rsp
C:\Users\Office\Desktop\HHLEE\SmartModule(SVN)\SourceCodes\project_2012\mbedos\VisualGDB\Debug\pwmout_api.gcc.rsp
C:\Users\Office\Desktop\HHLEE\SmartModule(SVN)\SourceCodes\project_2012\mbedos\VisualGDB\Debug\pwmout_device.gcc.rsp
C:\Users\Office\Desktop\HHLEE\SmartModule(SVN)\SourceCodes\project_2012\mbedos\VisualGDB\Debug\RawSerial.gcc.rsp
C:\Users\Office\Desktop\HHLEE\SmartModule(SVN)\SourceCodes\project_2012\mbedos\VisualGDB\Debug\rtc_api.gcc.rsp
C:\Users\Office\Desktop\HHLEE\SmartModule(SVN)\SourceCodes\project_2012\mbedos\VisualGDB\Debug\RtosTimer.gcc.rsp
C:\Users\Office\Desktop\HHLEE\SmartModule(SVN)\SourceCodes\project_2012\mbedos\VisualGDB\Debug\RTX_Config.gcc.rsp
C:\Users\Office\Desktop\HHLEE\SmartModule(SVN)\SourceCodes\project_2012\mbedos\VisualGDB\Debug\rtx_delay.gcc.rsp
C:\Users\Office\Desktop\HHLEE\SmartModule(SVN)\SourceCodes\project_2012\mbedos\VisualGDB\Debug\rtx_evflags.gcc.rsp
C:\Users\Office\Desktop\HHLEE\SmartModule(SVN)\SourceCodes\project_2012\mbedos\VisualGDB\Debug\rtx_evr.gcc.rsp
C:\Users\Office\Desktop\HHLEE\SmartModule(SVN)\SourceCodes\project_2012\mbedos\VisualGDB\Debug\rtx_kernel.gcc.rsp
C:\Users\Office\Desktop\HHLEE\SmartModule(SVN)\SourceCodes\project_2012\mbedos\VisualGDB\Debug\rtx_lib.gcc.rsp
C:\Users\Office\Desktop\HHLEE\SmartModule(SVN)\SourceCodes\project_2012\mbedos\VisualGDB\Debug\rtx_memory.gcc.rsp
C:\Users\Office\Desktop\HHLEE\SmartModule(SVN)\SourceCodes\project_2012\mbedos\VisualGDB\Debug\rtx_mempool.gcc.rsp
C:\Users\Office\Desktop\HHLEE\SmartModule(SVN)\SourceCodes\project_2012\mbedos\VisualGDB\Debug\rtx_msgqueue.gcc.rsp
C:\Users\Office\Desktop\HHLEE\SmartModule(SVN)\SourceCodes\project_2012\mbedos\VisualGDB\Debug\rtx_mutex.gcc.rsp
C:\Users\Office\Desktop\HHLEE\SmartModule(SVN)\SourceCodes\project_2012\mbedos\VisualGDB\Debug\rtx_semaphore.gcc.rsp
C:\Users\Office\Desktop\HHLEE\SmartModule(SVN)\SourceCodes\project_2012\mbedos\VisualGDB\Debug\rtx_system.gcc.rsp
C:\Users\Office\Desktop\HHLEE\SmartModule(SVN)\SourceCodes\project_2012\mbedos\VisualGDB\Debug\rtx_thread.gcc.rsp
C:\Users\Office\Desktop\HHLEE\SmartModule(SVN)\SourceCodes\project_2012\mbedos\VisualGDB\Debug\rtx_timer.gcc.rsp
C:\Users\Office\Desktop\HHLEE\SmartModule(SVN)\SourceCodes\project_2012\mbedos\VisualGDB\Debug\rt_OsEventObserver.gcc.rsp
C:\Users\Office\Desktop\HHLEE\SmartModule(SVN)\SourceCodes\project_2012\mbedos\VisualGDB\Debug\Semaphore.gcc.rsp
C:\Users\Office\Desktop\HHLEE\SmartModule(SVN)\SourceCodes\project_2012\mbedos\VisualGDB\Debug\Serial.gcc.rsp
C:\Users\Office\Desktop\HHLEE\SmartModule(SVN)\SourceCodes\project_2012\mbedos\VisualGDB\Debug\SerialBase.gcc.rsp
C:\Users\Office\Desktop\HHLEE\SmartModule(SVN)\SourceCodes\project_2012\mbedos\VisualGDB\Debug\serial_api.gcc.rsp
C:\Users\Office\Desktop\HHLEE\SmartModule(SVN)\SourceCodes\project_2012\mbedos\VisualGDB\Debug\serial_device.gcc.rsp
C:\Users\Office\Desktop\HHLEE\SmartModule(SVN)\SourceCodes\project_2012\mbedos\VisualGDB\Debug\sleep.gcc.rsp
C:\Users\Office\Desktop\HHLEE\SmartModule(SVN)\SourceCodes\project_2012\mbedos\VisualGDB\Debug\SPI.gcc.rsp
C:\Users\Office\Desktop\HHLEE\SmartModule(SVN)\SourceCodes\project_2012\mbedos\VisualGDB\Debug\SPISlave.gcc.rsp
C:\Users\Office\Desktop\HHLEE\SmartModule(SVN)\SourceCodes\project_2012\mbedos\VisualGDB\Debug\spi_api.gcc.rsp
C:\Users\Office\Desktop\HHLEE\SmartModule(SVN)\SourceCodes\project_2012\mbedos\VisualGDB\Debug\startup_stm32f407xx.gcc.rsp
C:\Users\Office\Desktop\HHLEE\SmartModule(SVN)\SourceCodes\project_2012\mbedos\VisualGDB\Debug\stm32f4xx_hal.gcc.rsp
C:\Users\Office\Desktop\HHLEE\SmartModule(SVN)\SourceCodes\project_2012\mbedos\VisualGDB\Debug\stm32f4xx_hal_adc.gcc.rsp
C:\Users\Office\Desktop\HHLEE\SmartModule(SVN)\SourceCodes\project_2012\mbedos\VisualGDB\Debug\stm32f4xx_hal_adc_ex.gcc.rsp
C:\Users\Office\Desktop\HHLEE\SmartModule(SVN)\SourceCodes\project_2012\mbedos\VisualGDB\Debug\stm32f4xx_hal_can.gcc.rsp
C:\Users\Office\Desktop\HHLEE\SmartModule(SVN)\SourceCodes\project_2012\mbedos\VisualGDB\Debug\stm32f4xx_hal_cec.gcc.rsp
C:\Users\Office\Desktop\HHLEE\SmartModule(SVN)\SourceCodes\project_2012\mbedos\VisualGDB\Debug\stm32f4xx_hal_cortex.gcc.rsp
C:\Users\Office\Desktop\HHLEE\SmartModule(SVN)\SourceCodes\project_2012\mbedos\VisualGDB\Debug\stm32f4xx_hal_crc.gcc.rsp
C:\Users\Office\Desktop\HHLEE\SmartModule(SVN)\SourceCodes\project_2012\mbedos\VisualGDB\Debug\stm32f4xx_hal_cryp.gcc.rsp
C:\Users\Office\Desktop\HHLEE\SmartModule(SVN)\SourceCodes\project_2012\mbedos\VisualGDB\Debug\stm32f4xx_hal_cryp_ex.gcc.rsp
C:\Users\Office\Desktop\HHLEE\SmartModule(SVN)\SourceCodes\project_2012\mbedos\VisualGDB\Debug\stm32f4xx_hal_dac.gcc.rsp
C:\Users\Office\Desktop\HHLEE\SmartModule(SVN)\SourceCodes\project_2012\mbedos\VisualGDB\Debug\stm32f4xx_hal_dac_ex.gcc.rsp
C:\Users\Office\Desktop\HHLEE\SmartModule(SVN)\SourceCodes\project_2012\mbedos\VisualGDB\Debug\stm32f4xx_hal_dcmi.gcc.rsp
C:\Users\Office\Desktop\HHLEE\SmartModule(SVN)\SourceCodes\project_2012\mbedos\VisualGDB\Debug\stm32f4xx_hal_dcmi_ex.gcc.rsp
C:\Users\Office\Desktop\HHLEE\SmartModule(SVN)\SourceCodes\project_2012\mbedos\VisualGDB\Debug\stm32f4xx_hal_dfsdm.gcc.rsp
C:\Users\Office\Desktop\HHLEE\SmartModule(SVN)\SourceCodes\project_2012\mbedos\VisualGDB\Debug\stm32f4xx_hal_dma.gcc.rsp
C:\Users\Office\Desktop\HHLEE\SmartModule(SVN)\SourceCodes\project_2012\mbedos\VisualGDB\Debug\stm32f4xx_hal_dma2d.gcc.rsp
C:\Users\Office\Desktop\HHLEE\SmartModule(SVN)\SourceCodes\project_2012\mbedos\VisualGDB\Debug\stm32f4xx_hal_dma_ex.gcc.rsp
C:\Users\Office\Desktop\HHLEE\SmartModule(SVN)\SourceCodes\project_2012\mbedos\VisualGDB\Debug\stm32f4xx_hal_dsi.gcc.rsp
C:\Users\Office\Desktop\HHLEE\SmartModule(SVN)\SourceCodes\project_2012\mbedos\VisualGDB\Debug\stm32f4xx_hal_eth.gcc.rsp
C:\Users\Office\Desktop\HHLEE\SmartModule(SVN)\SourceCodes\project_2012\mbedos\VisualGDB\Debug\stm32f4xx_hal_flash.gcc.rsp
C:\Users\Office\Desktop\HHLEE\SmartModule(SVN)\SourceCodes\project_2012\mbedos\VisualGDB\Debug\stm32f4xx_hal_flash_ex.gcc.rsp
C:\Users\Office\Desktop\HHLEE\SmartModule(SVN)\SourceCodes\project_2012\mbedos\VisualGDB\Debug\stm32f4xx_hal_flash_ramfunc.gcc.rsp
C:\Users\Office\Desktop\HHLEE\SmartModule(SVN)\SourceCodes\project_2012\mbedos\VisualGDB\Debug\stm32f4xx_hal_fmpi2c.gcc.rsp
C:\Users\Office\Desktop\HHLEE\SmartModule(SVN)\SourceCodes\project_2012\mbedos\VisualGDB\Debug\stm32f4xx_hal_fmpi2c_ex.gcc.rsp
C:\Users\Office\Desktop\HHLEE\SmartModule(SVN)\SourceCodes\project_2012\mbedos\VisualGDB\Debug\stm32f4xx_hal_gpio.gcc.rsp
C:\Users\Office\Desktop\HHLEE\SmartModule(SVN)\SourceCodes\project_2012\mbedos\VisualGDB\Debug\stm32f4xx_hal_hash.gcc.rsp
C:\Users\Office\Desktop\HHLEE\SmartModule(SVN)\SourceCodes\project_2012\mbedos\VisualGDB\Debug\stm32f4xx_hal_hash_ex.gcc.rsp
C:\Users\Office\Desktop\HHLEE\SmartModule(SVN)\SourceCodes\project_2012\mbedos\VisualGDB\Debug\stm32f4xx_hal_hcd.gcc.rsp
C:\Users\Office\Desktop\HHLEE\SmartModule(SVN)\SourceCodes\project_2012\mbedos\VisualGDB\Debug\stm32f4xx_hal_i2c.gcc.rsp
C:\Users\Office\Desktop\HHLEE\SmartModule(SVN)\SourceCodes\project_2012\mbedos\VisualGDB\Debug\stm32f4xx_hal_i2c_ex.gcc.rsp
C:\Users\Office\Desktop\HHLEE\SmartModule(SVN)\SourceCodes\project_2012\mbedos\VisualGDB\Debug\stm32f4xx_hal_i2s.gcc.rsp
C:\Users\Office\Desktop\HHLEE\SmartModule(SVN)\SourceCodes\project_2012\mbedos\VisualGDB\Debug\stm32f4xx_hal_i2s_ex.gcc.rsp
C:\Users\Office\Desktop\HHLEE\SmartModule(SVN)\SourceCodes\project_2012\mbedos\VisualGDB\Debug\stm32f4xx_hal_irda.gcc.rsp
C:\Users\Office\Desktop\HHLEE\SmartModule(SVN)\SourceCodes\project_2012\mbedos\VisualGDB\Debug\stm32f4xx_hal_iwdg.gcc.rsp
C:\Users\Office\Desktop\HHLEE\SmartModule(SVN)\SourceCodes\project_2012\mbedos\VisualGDB\Debug\stm32f4xx_hal_lptim.gcc.rsp
C:\Users\Office\Desktop\HHLEE\SmartModule(SVN)\SourceCodes\project_2012\mbedos\VisualGDB\Debug\stm32f4xx_hal_ltdc.gcc.rsp
C:\Users\Office\Desktop\HHLEE\SmartModule(SVN)\SourceCodes\project_2012\mbedos\VisualGDB\Debug\stm32f4xx_hal_ltdc_ex.gcc.rsp
C:\Users\Office\Desktop\HHLEE\SmartModule(SVN)\SourceCodes\project_2012\mbedos\VisualGDB\Debug\stm32f4xx_hal_mmc.gcc.rsp
C:\Users\Office\Desktop\HHLEE\SmartModule(SVN)\SourceCodes\project_2012\mbedos\VisualGDB\Debug\stm32f4xx_hal_msp_template.gcc.rsp
C:\Users\Office\Desktop\HHLEE\SmartModule(SVN)\SourceCodes\project_2012\mbedos\VisualGDB\Debug\stm32f4xx_hal_nand.gcc.rsp
C:\Users\Office\Desktop\HHLEE\SmartModule(SVN)\SourceCodes\project_2012\mbedos\VisualGDB\Debug\stm32f4xx_hal_nor.gcc.rsp
C:\Users\Office\Desktop\HHLEE\SmartModule(SVN)\SourceCodes\project_2012\mbedos\VisualGDB\Debug\stm32f4xx_hal_pccard.gcc.rsp
C:\Users\Office\Desktop\HHLEE\SmartModule(SVN)\SourceCodes\project_2012\mbedos\VisualGDB\Debug\stm32f4xx_hal_pcd.gcc.rsp
C:\Users\Office\Desktop\HHLEE\SmartModule(SVN)\SourceCodes\project_2012\mbedos\VisualGDB\Debug\stm32f4xx_hal_pcd_ex.gcc.rsp
C:\Users\Office\Desktop\HHLEE\SmartModule(SVN)\SourceCodes\project_2012\mbedos\VisualGDB\Debug\stm32f4xx_hal_pwr.gcc.rsp
C:\Users\Office\Desktop\HHLEE\SmartModule(SVN)\SourceCodes\project_2012\mbedos\VisualGDB\Debug\stm32f4xx_hal_pwr_ex.gcc.rsp
C:\Users\Office\Desktop\HHLEE\SmartModule(SVN)\SourceCodes\project_2012\mbedos\VisualGDB\Debug\stm32f4xx_hal_qspi.gcc.rsp
C:\Users\Office\Desktop\HHLEE\SmartModule(SVN)\SourceCodes\project_2012\mbedos\VisualGDB\Debug\stm32f4xx_hal_rcc.gcc.rsp
C:\Users\Office\Desktop\HHLEE\SmartModule(SVN)\SourceCodes\project_2012\mbedos\VisualGDB\Debug\stm32f4xx_hal_rcc_ex.gcc.rsp
C:\Users\Office\Desktop\HHLEE\SmartModule(SVN)\SourceCodes\project_2012\mbedos\VisualGDB\Debug\stm32f4xx_hal_rng.gcc.rsp
C:\Users\Office\Desktop\HHLEE\SmartModule(SVN)\SourceCodes\project_2012\mbedos\VisualGDB\Debug\stm32f4xx_hal_rtc.gcc.rsp
C:\Users\Office\Desktop\HHLEE\SmartModule(SVN)\SourceCodes\project_2012\mbedos\VisualGDB\Debug\stm32f4xx_hal_rtc_ex.gcc.rsp
C:\Users\Office\Desktop\HHLEE\SmartModule(SVN)\SourceCodes\project_2012\mbedos\VisualGDB\Debug\stm32f4xx_hal_sai.gcc.rsp
C:\Users\Office\Desktop\HHLEE\SmartModule(SVN)\SourceCodes\project_2012\mbedos\VisualGDB\Debug\stm32f4xx_hal_sai_ex.gcc.rsp
C:\Users\Office\Desktop\HHLEE\SmartModule(SVN)\SourceCodes\project_2012\mbedos\VisualGDB\Debug\stm32f4xx_hal_sd.gcc.rsp
C:\Users\Office\Desktop\HHLEE\SmartModule(SVN)\SourceCodes\project_2012\mbedos\VisualGDB\Debug\stm32f4xx_hal_sdram.gcc.rsp
C:\Users\Office\Desktop\HHLEE\SmartModule(SVN)\SourceCodes\project_2012\mbedos\VisualGDB\Debug\stm32f4xx_hal_smartcard.gcc.rsp
C:\Users\Office\Desktop\HHLEE\SmartModule(SVN)\SourceCodes\project_2012\mbedos\VisualGDB\Debug\stm32f4xx_hal_spdifrx.gcc.rsp
C:\Users\Office\Desktop\HHLEE\SmartModule(SVN)\SourceCodes\project_2012\mbedos\VisualGDB\Debug\stm32f4xx_hal_spi.gcc.rsp
C:\Users\Office\Desktop\HHLEE\SmartModule(SVN)\SourceCodes\project_2012\mbedos\VisualGDB\Debug\stm32f4xx_hal_sram.gcc.rsp
C:\Users\Office\Desktop\HHLEE\SmartModule(SVN)\SourceCodes\project_2012\mbedos\VisualGDB\Debug\stm32f4xx_hal_tim.gcc.rsp
C:\Users\Office\Desktop\HHLEE\SmartModule(SVN)\SourceCodes\project_2012\mbedos\VisualGDB\Debug\stm32f4xx_hal_tim_ex.gcc.rsp
C:\Users\Office\Desktop\HHLEE\SmartModule(SVN)\SourceCodes\project_2012\mbedos\VisualGDB\Debug\stm32f4xx_hal_uart.gcc.rsp
C:\Users\Office\Desktop\HHLEE\SmartModule(SVN)\SourceCodes\project_2012\mbedos\VisualGDB\Debug\stm32f4xx_hal_usart.gcc.rsp
C:\Users\Office\Desktop\HHLEE\SmartModule(SVN)\SourceCodes\project_2012\mbedos\VisualGDB\Debug\stm32f4xx_hal_wwdg.gcc.rsp
C:\Users\Office\Desktop\HHLEE\SmartModule(SVN)\SourceCodes\project_2012\mbedos\VisualGDB\Debug\stm32f4xx_ll_adc.gcc.rsp
C:\Users\Office\Desktop\HHLEE\SmartModule(SVN)\SourceCodes\project_2012\mbedos\VisualGDB\Debug\stm32f4xx_ll_crc.gcc.rsp
C:\Users\Office\Desktop\HHLEE\SmartModule(SVN)\SourceCodes\project_2012\mbedos\VisualGDB\Debug\stm32f4xx_ll_dac.gcc.rsp
C:\Users\Office\Desktop\HHLEE\SmartModule(SVN)\SourceCodes\project_2012\mbedos\VisualGDB\Debug\stm32f4xx_ll_dma.gcc.rsp
C:\Users\Office\Desktop\HHLEE\SmartModule(SVN)\SourceCodes\project_2012\mbedos\VisualGDB\Debug\stm32f4xx_ll_dma2d.gcc.rsp
C:\Users\Office\Desktop\HHLEE\SmartModule(SVN)\SourceCodes\project_2012\mbedos\VisualGDB\Debug\stm32f4xx_ll_exti.gcc.rsp
C:\Users\Office\Desktop\HHLEE\SmartModule(SVN)\SourceCodes\project_2012\mbedos\VisualGDB\Debug\stm32f4xx_ll_fmc.gcc.rsp
C:\Users\Office\Desktop\HHLEE\SmartModule(SVN)\SourceCodes\project_2012\mbedos\VisualGDB\Debug\stm32f4xx_ll_fsmc.gcc.rsp
C:\Users\Office\Desktop\HHLEE\SmartModule(SVN)\SourceCodes\project_2012\mbedos\VisualGDB\Debug\stm32f4xx_ll_gpio.gcc.rsp
C:\Users\Office\Desktop\HHLEE\SmartModule(SVN)\SourceCodes\project_2012\mbedos\VisualGDB\Debug\stm32f4xx_ll_i2c.gcc.rsp
C:\Users\Office\Desktop\HHLEE\SmartModule(SVN)\SourceCodes\project_2012\mbedos\VisualGDB\Debug\stm32f4xx_ll_lptim.gcc.rsp
C:\Users\Office\Desktop\HHLEE\SmartModule(SVN)\SourceCodes\project_2012\mbedos\VisualGDB\Debug\stm32f4xx_ll_pwr.gcc.rsp
C:\Users\Office\Desktop\HHLEE\SmartModule(SVN)\SourceCodes\project_2012\mbedos\VisualGDB\Debug\stm32f4xx_ll_rcc.gcc.rsp
C:\Users\Office\Desktop\HHLEE\SmartModule(SVN)\SourceCodes\project_2012\mbedos\VisualGDB\Debug\stm32f4xx_ll_rng.gcc.rsp
C:\Users\Office\Desktop\HHLEE\SmartModule(SVN)\SourceCodes\project_2012\mbedos\VisualGDB\Debug\stm32f4xx_ll_rtc.gcc.rsp
C:\Users\Office\Desktop\HHLEE\SmartModule(SVN)\SourceCodes\project_2012\mbedos\VisualGDB\Debug\stm32f4xx_ll_sdmmc.gcc.rsp
C:\Users\Office\Desktop\HHLEE\SmartModule(SVN)\SourceCodes\project_2012\mbedos\VisualGDB\Debug\stm32f4xx_ll_spi.gcc.rsp
C:\Users\Office\Desktop\HHLEE\SmartModule(SVN)\SourceCodes\project_2012\mbedos\VisualGDB\Debug\stm32f4xx_ll_tim.gcc.rsp
C:\Users\Office\Desktop\HHLEE\SmartModule(SVN)\SourceCodes\project_2012\mbedos\VisualGDB\Debug\stm32f4xx_ll_usart.gcc.rsp
C:\Users\Office\Desktop\HHLEE\SmartModule(SVN)\SourceCodes\project_2012\mbedos\VisualGDB\Debug\stm32f4xx_ll_usb.gcc.rsp
C:\Users\Office\Desktop\HHLEE\SmartModule(SVN)\SourceCodes\project_2012\mbedos\VisualGDB\Debug\stm32f4xx_ll_utils.gcc.rsp
C:\Users\Office\Desktop\HHLEE\SmartModule(SVN)\SourceCodes\project_2012\mbedos\VisualGDB\Debug\stm_spi_api.gcc.rsp
C:\Users\Office\Desktop\HHLEE\SmartModule(SVN)\SourceCodes\project_2012\mbedos\VisualGDB\Debug\Stream.gcc.rsp
C:\Users\Office\Desktop\HHLEE\SmartModule(SVN)\SourceCodes\project_2012\mbedos\VisualGDB\Debug\system_clock.gcc.rsp
C:\Users\Office\Desktop\HHLEE\SmartModule(SVN)\SourceCodes\project_2012\mbedos\VisualGDB\Debug\system_stm32f4xx.gcc.rsp
C:\Users\Office\Desktop\HHLEE\SmartModule(SVN)\SourceCodes\project_2012\mbedos\VisualGDB\Debug\Thread.gcc.rsp
C:\Users\Office\Desktop\HHLEE\SmartModule(SVN)\SourceCodes\project_2012\mbedos\VisualGDB\Debug\Ticker.gcc.rsp
C:\Users\Office\Desktop\HHLEE\SmartModule(SVN)\SourceCodes\project_2012\mbedos\VisualGDB\Debug\Timeout.gcc.rsp
C:\Users\Office\Desktop\HHLEE\SmartModule(SVN)\SourceCodes\project_2012\mbedos\VisualGDB\Debug\Timer.gcc.rsp
C:\Users\Office\Desktop\HHLEE\SmartModule(SVN)\SourceCodes\project_2012\mbedos\VisualGDB\Debug\TimerEvent.gcc.rsp
C:\Users\Office\Desktop\HHLEE\SmartModule(SVN)\SourceCodes\project_2012\mbedos\VisualGDB\Debug\trng_api.gcc.rsp
C:\Users\Office\Desktop\HHLEE\SmartModule(SVN)\SourceCodes\project_2012\mbedos\VisualGDB\Debug\UARTSerial.gcc.rsp
C:\Users\Office\Desktop\HHLEE\SmartModule(SVN)\SourceCodes\project_2012\mbedos\VisualGDB\Debug\USBCDC.gcc.rsp
C:\Users\Office\Desktop\HHLEE\SmartModule(SVN)\SourceCodes\project_2012\mbedos\VisualGDB\Debug\USBDevice.gcc.rsp
C:\Users\Office\Desktop\HHLEE\SmartModule(SVN)\SourceCodes\project_2012\mbedos\VisualGDB\Debug\USBHAL_STM32.gcc.rsp
C:\Users\Office\Desktop\HHLEE\SmartModule(SVN)\SourceCodes\project_2012\mbedos\VisualGDB\Debug\USBHAL_STM32F4.gcc.rsp
C:\Users\Office\Desktop\HHLEE\SmartModule(SVN)\SourceCodes\project_2012\mbedos\VisualGDB\Debug\USBSerial.gcc.rsp
C:\Users\Office\Desktop\HHLEE\SmartModule(SVN)\SourceCodes\project_2012\mbedos\VisualGDB\Debug\us_ticker_16b.gcc.rsp
C:\Users\Office\Desktop\HHLEE\SmartModule(SVN)\SourceCodes\project_2012\mbedos\VisualGDB\Debug\us_ticker_32b.gcc.rsp
C:\Users\Office\Desktop\HHLEE\SmartModule(SVN)\SourceCodes\project_2012\mbedos\VisualGDB\Debug\libmbedos.alldeps
